<?xml version="1.0" encoding="UTF-8"?>
<coverage generated="1771712770283" clover="3.2.0">
  <project timestamp="1771712770283" name="All files">
    <metrics statements="353" coveredstatements="256" conditionals="294" coveredconditionals="164" methods="110" coveredmethods="75" elements="757" coveredelements="495" complexity="0" loc="353" ncloc="353" packages="1" files="1" classes="1"/>
    <file name="forgeMarketplace.js" path="/Users/phillip.alejo/Documents/Code/Forge/brxm-marketplace/marketplace-essentials/src/main/resources/META-INF/resources/tool/forgeMarketplace/forgeMarketplace.js">
      <metrics statements="353" coveredstatements="256" conditionals="294" coveredconditionals="164" methods="110" coveredmethods="75"/>
      <line num="17" count="1" type="stmt"/>
      <line num="20" count="1" type="stmt"/>
      <line num="22" count="1" type="stmt"/>
      <line num="29" count="1" type="stmt"/>
      <line num="39" count="82" type="cond" truecount="1" falsecount="1"/>
      <line num="40" count="82" type="stmt"/>
      <line num="44" count="41" type="cond" truecount="3" falsecount="1"/>
      <line num="45" count="41" type="stmt"/>
      <line num="46" count="41" type="stmt"/>
      <line num="47" count="41" type="stmt"/>
      <line num="48" count="41" type="stmt"/>
      <line num="49" count="65" type="cond" truecount="2" falsecount="0"/>
      <line num="50" count="65" type="cond" truecount="2" falsecount="0"/>
      <line num="51" count="65" type="cond" truecount="2" falsecount="0"/>
      <line num="52" count="52" type="cond" truecount="2" falsecount="0"/>
      <line num="54" count="3" type="stmt"/>
      <line num="60" count="15" type="cond" truecount="4" falsecount="1"/>
      <line num="61" count="15" type="stmt"/>
      <line num="62" count="15" type="cond" truecount="4" falsecount="0"/>
      <line num="63" count="14" type="cond" truecount="4" falsecount="0"/>
      <line num="64" count="9" type="cond" truecount="4" falsecount="0"/>
      <line num="65" count="8" type="stmt"/>
      <line num="72" count="1" type="stmt"/>
      <line num="76" count="2" type="stmt"/>
      <line num="84" count="6" type="stmt"/>
      <line num="86" count="2" type="stmt"/>
      <line num="88" count="2" type="cond" truecount="2" falsecount="0"/>
      <line num="93" count="0" type="stmt"/>
      <line num="97" count="2" type="stmt"/>
      <line num="99" count="2" type="cond" truecount="1" falsecount="1"/>
      <line num="104" count="0" type="stmt"/>
      <line num="108" count="2" type="stmt"/>
      <line num="109" count="2" type="cond" truecount="2" falsecount="0"/>
      <line num="110" count="1" type="stmt"/>
      <line num="112" count="2" type="stmt"/>
      <line num="113" count="2" type="stmt"/>
      <line num="118" count="0" type="stmt"/>
      <line num="120" count="0" type="stmt"/>
      <line num="125" count="0" type="stmt"/>
      <line num="127" count="0" type="stmt"/>
      <line num="137" count="1" type="stmt"/>
      <line num="146" count="76" type="stmt"/>
      <line num="147" count="76" type="stmt"/>
      <line num="148" count="76" type="stmt"/>
      <line num="149" count="76" type="stmt"/>
      <line num="151" count="76" type="stmt"/>
      <line num="152" count="76" type="stmt"/>
      <line num="153" count="76" type="stmt"/>
      <line num="154" count="76" type="stmt"/>
      <line num="156" count="76" type="stmt"/>
      <line num="157" count="76" type="stmt"/>
      <line num="158" count="76" type="stmt"/>
      <line num="160" count="76" type="stmt"/>
      <line num="161" count="76" type="stmt"/>
      <line num="162" count="76" type="stmt"/>
      <line num="164" count="76" type="stmt"/>
      <line num="165" count="76" type="stmt"/>
      <line num="167" count="76" type="stmt"/>
      <line num="168" count="76" type="stmt"/>
      <line num="170" count="76" type="stmt"/>
      <line num="181" count="76" type="stmt"/>
      <line num="182" count="21" type="stmt"/>
      <line num="185" count="76" type="stmt"/>
      <line num="186" count="0" type="cond" truecount="0" falsecount="2"/>
      <line num="189" count="76" type="stmt"/>
      <line num="190" count="0" type="stmt"/>
      <line num="197" count="76" type="stmt"/>
      <line num="198" count="18" type="cond" truecount="3" falsecount="0"/>
      <line num="202" count="76" type="stmt"/>
      <line num="203" count="6" type="cond" truecount="3" falsecount="1"/>
      <line num="204" count="6" type="cond" truecount="1" falsecount="1"/>
      <line num="207" count="76" type="stmt"/>
      <line num="208" count="8" type="cond" truecount="2" falsecount="0"/>
      <line num="209" count="6" type="stmt"/>
      <line num="210" count="6" type="stmt"/>
      <line num="211" count="6" type="cond" truecount="3" falsecount="0"/>
      <line num="214" count="76" type="stmt"/>
      <line num="215" count="3" type="cond" truecount="3" falsecount="1"/>
      <line num="216" count="3" type="stmt"/>
      <line num="217" count="3" type="cond" truecount="2" falsecount="0"/>
      <line num="220" count="76" type="stmt"/>
      <line num="221" count="0" type="cond" truecount="0" falsecount="4"/>
      <line num="222" count="0" type="cond" truecount="0" falsecount="2"/>
      <line num="225" count="76" type="stmt"/>
      <line num="226" count="0" type="cond" truecount="0" falsecount="2"/>
      <line num="229" count="76" type="stmt"/>
      <line num="230" count="0" type="cond" truecount="0" falsecount="2"/>
      <line num="231" count="0" type="stmt"/>
      <line num="233" count="0" type="cond" truecount="0" falsecount="2"/>
      <line num="234" count="0" type="stmt"/>
      <line num="236" count="0" type="cond" truecount="0" falsecount="2"/>
      <line num="237" count="0" type="stmt"/>
      <line num="239" count="0" type="stmt"/>
      <line num="246" count="76" type="stmt"/>
      <line num="247" count="21" type="stmt"/>
      <line num="248" count="21" type="cond" truecount="2" falsecount="0"/>
      <line num="250" count="13" type="cond" truecount="2" falsecount="0"/>
      <line num="251" count="13" type="cond" truecount="4" falsecount="0"/>
      <line num="252" count="9" type="stmt"/>
      <line num="253" count="9" type="stmt"/>
      <line num="255" count="9" type="cond" truecount="2" falsecount="0"/>
      <line num="260" count="4" type="cond" truecount="5" falsecount="0"/>
      <line num="261" count="1" type="stmt"/>
      <line num="263" count="3" type="stmt"/>
      <line num="264" count="3" type="cond" truecount="2" falsecount="0"/>
      <line num="265" count="3" type="cond" truecount="2" falsecount="0"/>
      <line num="266" count="3" type="cond" truecount="4" falsecount="0"/>
      <line num="273" count="76" type="stmt"/>
      <line num="274" count="12" type="cond" truecount="5" falsecount="0"/>
      <line num="275" count="6" type="stmt"/>
      <line num="276" count="6" type="cond" truecount="2" falsecount="0"/>
      <line num="277" count="5" type="stmt"/>
      <line num="278" count="6" type="cond" truecount="2" falsecount="0"/>
      <line num="279" count="4" type="stmt"/>
      <line num="282" count="1" type="stmt"/>
      <line num="288" count="76" type="stmt"/>
      <line num="289" count="0" type="cond" truecount="0" falsecount="2"/>
      <line num="290" count="0" type="stmt"/>
      <line num="291" count="0" type="cond" truecount="0" falsecount="4"/>
      <line num="292" count="0" type="cond" truecount="0" falsecount="2"/>
      <line num="293" count="0" type="cond" truecount="0" falsecount="2"/>
      <line num="294" count="0" type="cond" truecount="0" falsecount="4"/>
      <line num="295" count="0" type="cond" truecount="0" falsecount="2"/>
      <line num="296" count="0" type="cond" truecount="0" falsecount="2"/>
      <line num="299" count="0" type="cond" truecount="0" falsecount="5"/>
      <line num="300" count="0" type="stmt"/>
      <line num="301" count="0" type="cond" truecount="0" falsecount="2"/>
      <line num="303" count="0" type="stmt"/>
      <line num="308" count="76" type="stmt"/>
      <line num="309" count="10" type="cond" truecount="4" falsecount="0"/>
      <line num="310" count="2" type="stmt"/>
      <line num="311" count="2" type="cond" truecount="4" falsecount="0"/>
      <line num="312" count="1" type="stmt"/>
      <line num="317" count="76" type="stmt"/>
      <line num="318" count="10" type="cond" truecount="4" falsecount="0"/>
      <line num="323" count="76" type="stmt"/>
      <line num="324" count="5" type="cond" truecount="1" falsecount="1"/>
      <line num="325" count="5" type="stmt"/>
      <line num="326" count="5" type="cond" truecount="2" falsecount="3"/>
      <line num="327" count="0" type="stmt"/>
      <line num="329" count="5" type="cond" truecount="1" falsecount="1"/>
      <line num="336" count="76" type="stmt"/>
      <line num="337" count="0" type="cond" truecount="0" falsecount="2"/>
      <line num="338" count="0" type="cond" truecount="0" falsecount="2"/>
      <line num="341" count="76" type="stmt"/>
      <line num="342" count="2" type="cond" truecount="1" falsecount="1"/>
      <line num="343" count="2" type="stmt"/>
      <line num="344" count="2" type="stmt"/>
      <line num="347" count="76" type="stmt"/>
      <line num="348" count="0" type="cond" truecount="0" falsecount="2"/>
      <line num="349" count="0" type="stmt"/>
      <line num="350" count="0" type="cond" truecount="0" falsecount="2"/>
      <line num="353" count="76" type="stmt"/>
      <line num="354" count="0" type="stmt"/>
      <line num="355" count="0" type="stmt"/>
      <line num="356" count="0" type="cond" truecount="0" falsecount="4"/>
      <line num="358" count="0" type="stmt"/>
      <line num="359" count="0" type="cond" truecount="0" falsecount="2"/>
      <line num="360" count="0" type="cond" truecount="0" falsecount="2"/>
      <line num="361" count="0" type="cond" truecount="0" falsecount="4"/>
      <line num="362" count="0" type="stmt"/>
      <line num="363" count="0" type="cond" truecount="0" falsecount="4"/>
      <line num="364" count="0" type="stmt"/>
      <line num="366" count="0" type="stmt"/>
      <line num="369" count="0" type="stmt"/>
      <line num="372" count="76" type="stmt"/>
      <line num="373" count="0" type="cond" truecount="0" falsecount="5"/>
      <line num="374" count="0" type="stmt"/>
      <line num="375" count="0" type="cond" truecount="0" falsecount="2"/>
      <line num="378" count="76" type="stmt"/>
      <line num="379" count="0" type="cond" truecount="0" falsecount="5"/>
      <line num="380" count="0" type="stmt"/>
      <line num="383" count="76" type="stmt"/>
      <line num="384" count="0" type="cond" truecount="0" falsecount="5"/>
      <line num="385" count="0" type="stmt"/>
      <line num="393" count="78" type="stmt"/>
      <line num="394" count="78" type="stmt"/>
      <line num="395" count="3" type="cond" truecount="1" falsecount="1"/>
      <line num="397" count="78" type="stmt"/>
      <line num="398" count="2" type="stmt"/>
      <line num="403" count="170" type="cond" truecount="1" falsecount="2"/>
      <line num="405" count="0" type="cond" truecount="0" falsecount="4"/>
      <line num="407" count="0" type="cond" truecount="0" falsecount="4"/>
      <line num="409" count="170" type="cond" truecount="2" falsecount="2"/>
      <line num="413" count="76" type="stmt"/>
      <line num="414" count="170" type="stmt"/>
      <line num="415" count="170" type="stmt"/>
      <line num="418" count="170" type="cond" truecount="2" falsecount="0"/>
      <line num="419" count="170" type="cond" truecount="2" falsecount="0"/>
      <line num="420" count="3" type="stmt"/>
      <line num="421" count="9" type="cond" truecount="2" falsecount="0"/>
      <line num="422" count="9" type="cond" truecount="2" falsecount="0"/>
      <line num="423" count="9" type="cond" truecount="2" falsecount="0"/>
      <line num="428" count="170" type="cond" truecount="2" falsecount="0"/>
      <line num="429" count="170" type="cond" truecount="2" falsecount="0"/>
      <line num="430" count="1" type="stmt"/>
      <line num="431" count="3" type="cond" truecount="2" falsecount="0"/>
      <line num="436" count="170" type="cond" truecount="2" falsecount="0"/>
      <line num="437" count="1" type="stmt"/>
      <line num="438" count="169" type="cond" truecount="1" falsecount="1"/>
      <line num="439" count="0" type="stmt"/>
      <line num="440" count="169" type="cond" truecount="1" falsecount="1"/>
      <line num="441" count="0" type="stmt"/>
      <line num="442" count="169" type="cond" truecount="2" falsecount="0"/>
      <line num="443" count="1" type="stmt"/>
      <line num="444" count="3" type="stmt"/>
      <line num="448" count="170" type="stmt"/>
      <line num="449" count="170" type="stmt"/>
      <line num="450" count="170" type="stmt"/>
      <line num="453" count="76" type="stmt"/>
      <line num="454" count="0" type="stmt"/>
      <line num="455" count="0" type="stmt"/>
      <line num="458" count="76" type="stmt"/>
      <line num="459" count="0" type="stmt"/>
      <line num="460" count="0" type="stmt"/>
      <line num="463" count="76" type="stmt"/>
      <line num="464" count="0" type="stmt"/>
      <line num="467" count="76" type="stmt"/>
      <line num="468" count="0" type="stmt"/>
      <line num="469" count="0" type="stmt"/>
      <line num="472" count="76" type="stmt"/>
      <line num="473" count="0" type="stmt"/>
      <line num="480" count="76" type="stmt"/>
      <line num="481" count="0" type="stmt"/>
      <line num="482" count="0" type="stmt"/>
      <line num="485" count="76" type="stmt"/>
      <line num="486" count="0" type="stmt"/>
      <line num="493" count="76" type="stmt"/>
      <line num="494" count="0" type="stmt"/>
      <line num="495" count="0" type="cond" truecount="0" falsecount="4"/>
      <line num="496" count="0" type="stmt"/>
      <line num="497" count="0" type="stmt"/>
      <line num="498" count="0" type="cond" truecount="0" falsecount="4"/>
      <line num="499" count="0" type="stmt"/>
      <line num="500" count="0" type="cond" truecount="0" falsecount="2"/>
      <line num="501" count="0" type="cond" truecount="0" falsecount="4"/>
      <line num="502" count="0" type="stmt"/>
      <line num="503" count="0" type="cond" truecount="0" falsecount="2"/>
      <line num="512" count="76" type="stmt"/>
      <line num="513" count="0" type="cond" truecount="0" falsecount="2"/>
      <line num="514" count="0" type="stmt"/>
      <line num="518" count="0" type="cond" truecount="0" falsecount="2"/>
      <line num="519" count="0" type="stmt"/>
      <line num="521" count="0" type="stmt"/>
      <line num="523" count="0" type="stmt"/>
      <line num="524" count="0" type="stmt"/>
      <line num="525" count="0" type="stmt"/>
      <line num="526" count="0" type="stmt"/>
      <line num="527" count="0" type="stmt"/>
      <line num="528" count="0" type="stmt"/>
      <line num="529" count="0" type="stmt"/>
      <line num="532" count="0" type="stmt"/>
      <line num="540" count="76" type="stmt"/>
      <line num="541" count="80" type="stmt"/>
      <line num="542" count="80" type="stmt"/>
      <line num="544" count="80" type="stmt"/>
      <line num="545" count="80" type="stmt"/>
      <line num="547" count="78" type="stmt"/>
      <line num="548" count="78" type="stmt"/>
      <line num="549" count="78" type="stmt"/>
      <line num="550" count="78" type="stmt"/>
      <line num="553" count="2" type="stmt"/>
      <line num="554" count="2" type="stmt"/>
      <line num="557" count="80" type="stmt"/>
      <line num="561" count="80" type="cond" truecount="2" falsecount="0"/>
      <line num="562" count="2" type="stmt"/>
      <line num="564" count="1" type="stmt"/>
      <line num="565" count="1" type="stmt"/>
      <line num="568" count="1" type="stmt"/>
      <line num="569" count="1" type="stmt"/>
      <line num="572" count="78" type="stmt"/>
      <line num="576" count="76" type="stmt"/>
      <line num="577" count="81" type="stmt"/>
      <line num="578" count="81" type="stmt"/>
      <line num="580" count="79" type="stmt"/>
      <line num="581" count="79" type="stmt"/>
      <line num="583" count="79" type="stmt"/>
      <line num="586" count="2" type="stmt"/>
      <line num="589" count="81" type="stmt"/>
      <line num="593" count="76" type="stmt"/>
      <line num="594" count="1" type="stmt"/>
      <line num="596" count="1" type="stmt"/>
      <line num="599" count="0" type="stmt"/>
      <line num="607" count="76" type="stmt"/>
      <line num="621" count="5" type="cond" truecount="5" falsecount="0"/>
      <line num="622" count="3" type="stmt"/>
      <line num="623" count="3" type="cond" truecount="2" falsecount="0"/>
      <line num="624" count="3" type="stmt"/>
      <line num="630" count="3" type="stmt"/>
      <line num="632" count="2" type="stmt"/>
      <line num="638" count="5" type="stmt"/>
      <line num="639" count="4" type="cond" truecount="3" falsecount="0"/>
      <line num="644" count="17" type="stmt"/>
      <line num="645" count="17" type="stmt"/>
      <line num="646" count="17" type="stmt"/>
      <line num="647" count="17" type="stmt"/>
      <line num="649" count="17" type="stmt"/>
      <line num="651" count="6" type="stmt"/>
      <line num="652" count="6" type="stmt"/>
      <line num="655" count="6" type="stmt"/>
      <line num="656" count="6" type="stmt"/>
      <line num="659" count="5" type="stmt"/>
      <line num="662" count="11" type="stmt"/>
      <line num="666" count="76" type="stmt"/>
      <line num="667" count="4" type="cond" truecount="3" falsecount="0"/>
      <line num="670" count="76" type="stmt"/>
      <line num="671" count="4" type="cond" truecount="3" falsecount="0"/>
      <line num="674" count="76" type="stmt"/>
      <line num="675" count="3" type="cond" truecount="3" falsecount="0"/>
      <line num="678" count="76" type="stmt"/>
      <line num="679" count="3" type="cond" truecount="3" falsecount="0"/>
      <line num="682" count="76" type="stmt"/>
      <line num="683" count="10" type="stmt"/>
      <line num="684" count="10" type="cond" truecount="5" falsecount="0"/>
      <line num="685" count="2" type="stmt"/>
      <line num="686" count="2" type="stmt"/>
      <line num="687" count="2" type="stmt"/>
      <line num="689" count="8" type="stmt"/>
      <line num="690" count="8" type="stmt"/>
      <line num="694" count="76" type="stmt"/>
      <line num="695" count="3" type="stmt"/>
      <line num="696" count="3" type="stmt"/>
      <line num="700" count="76" type="stmt"/>
      <line num="701" count="1" type="stmt"/>
      <line num="702" count="1" type="stmt"/>
      <line num="706" count="76" type="stmt"/>
      <line num="707" count="3" type="stmt"/>
      <line num="708" count="3" type="stmt"/>
      <line num="712" count="76" type="stmt"/>
      <line num="713" count="0" type="stmt"/>
      <line num="714" count="0" type="stmt"/>
      <line num="715" count="0" type="stmt"/>
      <line num="722" count="76" type="stmt"/>
      <line num="723" count="1" type="stmt"/>
      <line num="724" count="1" type="stmt"/>
      <line num="727" count="76" type="stmt"/>
      <line num="728" count="1" type="stmt"/>
      <line num="729" count="1" type="stmt"/>
      <line num="732" count="76" type="stmt"/>
      <line num="733" count="1" type="stmt"/>
      <line num="734" count="1" type="stmt"/>
      <line num="735" count="1" type="stmt"/>
      <line num="738" count="76" type="stmt"/>
      <line num="739" count="1" type="stmt"/>
      <line num="740" count="1" type="stmt"/>
      <line num="743" count="76" type="stmt"/>
      <line num="744" count="2" type="stmt"/>
      <line num="745" count="2" type="stmt"/>
      <line num="746" count="2" type="stmt"/>
      <line num="747" count="2" type="stmt"/>
      <line num="748" count="2" type="stmt"/>
      <line num="756" count="76" type="stmt"/>
      <line num="757" count="76" type="stmt"/>
    </file>
  </project>
</coverage>
