{"/Users/phillip.alejo/Documents/Code/Forge/brxm-marketplace/marketplace-essentials/src/main/resources/META-INF/resources/tool/forgeMarketplace/forgeMarketplace.js": {"path":"/Users/phillip.alejo/Documents/Code/Forge/brxm-marketplace/marketplace-essentials/src/main/resources/META-INF/resources/tool/forgeMarketplace/forgeMarketplace.js","statementMap":{"0":{"start":{"line":17,"column":0},"end":{"line":760,"column":5}},"1":{"start":{"line":20,"column":20},"end":{"line":20,"column":46}},"2":{"start":{"line":22,"column":28},"end":{"line":27,"column":5}},"3":{"start":{"line":29,"column":27},"end":{"line":32,"column":5}},"4":{"start":{"line":39,"column":8},"end":{"line":39,"column":26}},"5":{"start":{"line":39,"column":16},"end":{"line":39,"column":26}},"6":{"start":{"line":40,"column":8},"end":{"line":40,"column":63}},"7":{"start":{"line":44,"column":8},"end":{"line":44,"column":33}},"8":{"start":{"line":44,"column":24},"end":{"line":44,"column":33}},"9":{"start":{"line":45,"column":21},"end":{"line":45,"column":37}},"10":{"start":{"line":46,"column":21},"end":{"line":46,"column":37}},"11":{"start":{"line":47,"column":18},"end":{"line":47,"column":56}},"12":{"start":{"line":48,"column":8},"end":{"line":53,"column":9}},"13":{"start":{"line":48,"column":21},"end":{"line":48,"column":22}},"14":{"start":{"line":49,"column":21},"end":{"line":49,"column":35}},"15":{"start":{"line":50,"column":21},"end":{"line":50,"column":35}},"16":{"start":{"line":51,"column":12},"end":{"line":51,"column":35}},"17":{"start":{"line":51,"column":25},"end":{"line":51,"column":35}},"18":{"start":{"line":52,"column":12},"end":{"line":52,"column":34}},"19":{"start":{"line":52,"column":25},"end":{"line":52,"column":34}},"20":{"start":{"line":54,"column":8},"end":{"line":54,"column":17}},"21":{"start":{"line":60,"column":8},"end":{"line":60,"column":86}},"22":{"start":{"line":60,"column":73},"end":{"line":60,"column":86}},"23":{"start":{"line":61,"column":19},"end":{"line":61,"column":43}},"24":{"start":{"line":62,"column":8},"end":{"line":62,"column":81}},"25":{"start":{"line":62,"column":68},"end":{"line":62,"column":81}},"26":{"start":{"line":63,"column":8},"end":{"line":63,"column":81}},"27":{"start":{"line":63,"column":68},"end":{"line":63,"column":81}},"28":{"start":{"line":64,"column":8},"end":{"line":64,"column":100}},"29":{"start":{"line":64,"column":87},"end":{"line":64,"column":100}},"30":{"start":{"line":65,"column":8},"end":{"line":65,"column":20}},"31":{"start":{"line":72,"column":4},"end":{"line":131,"column":12}},"32":{"start":{"line":76,"column":16},"end":{"line":81,"column":18}},"33":{"start":{"line":84,"column":12},"end":{"line":130,"column":14}},"34":{"start":{"line":86,"column":20},"end":{"line":89,"column":27}},"35":{"start":{"line":88,"column":28},"end":{"line":88,"column":55}},"36":{"start":{"line":93,"column":20},"end":{"line":93,"column":62}},"37":{"start":{"line":97,"column":20},"end":{"line":100,"column":27}},"38":{"start":{"line":99,"column":28},"end":{"line":99,"column":74}},"39":{"start":{"line":104,"column":20},"end":{"line":104,"column":78}},"40":{"start":{"line":108,"column":30},"end":{"line":108,"column":75}},"41":{"start":{"line":109,"column":20},"end":{"line":111,"column":21}},"42":{"start":{"line":110,"column":24},"end":{"line":110,"column":47}},"43":{"start":{"line":112,"column":20},"end":{"line":114,"column":23}},"44":{"start":{"line":113,"column":24},"end":{"line":113,"column":45}},"45":{"start":{"line":118,"column":20},"end":{"line":121,"column":27}},"46":{"start":{"line":120,"column":28},"end":{"line":120,"column":49}},"47":{"start":{"line":125,"column":20},"end":{"line":128,"column":27}},"48":{"start":{"line":127,"column":28},"end":{"line":127,"column":49}},"49":{"start":{"line":137,"column":4},"end":{"line":759,"column":11}},"50":{"start":{"line":146,"column":16},"end":{"line":146,"column":38}},"51":{"start":{"line":147,"column":16},"end":{"line":147,"column":35}},"52":{"start":{"line":148,"column":16},"end":{"line":148,"column":44}},"53":{"start":{"line":149,"column":16},"end":{"line":149,"column":48}},"54":{"start":{"line":151,"column":16},"end":{"line":151,"column":60}},"55":{"start":{"line":152,"column":16},"end":{"line":152,"column":43}},"56":{"start":{"line":153,"column":16},"end":{"line":153,"column":46}},"57":{"start":{"line":154,"column":16},"end":{"line":154,"column":64}},"58":{"start":{"line":156,"column":16},"end":{"line":156,"column":39}},"59":{"start":{"line":157,"column":16},"end":{"line":157,"column":36}},"60":{"start":{"line":158,"column":16},"end":{"line":158,"column":53}},"61":{"start":{"line":160,"column":16},"end":{"line":160,"column":42}},"62":{"start":{"line":161,"column":16},"end":{"line":161,"column":44}},"63":{"start":{"line":162,"column":16},"end":{"line":162,"column":43}},"64":{"start":{"line":164,"column":16},"end":{"line":164,"column":52}},"65":{"start":{"line":165,"column":16},"end":{"line":165,"column":47}},"66":{"start":{"line":167,"column":16},"end":{"line":167,"column":49}},"67":{"start":{"line":168,"column":16},"end":{"line":168,"column":45}},"68":{"start":{"line":170,"column":16},"end":{"line":175,"column":18}},"69":{"start":{"line":181,"column":16},"end":{"line":183,"column":18}},"70":{"start":{"line":182,"column":20},"end":{"line":182,"column":70}},"71":{"start":{"line":185,"column":16},"end":{"line":187,"column":18}},"72":{"start":{"line":186,"column":20},"end":{"line":186,"column":91}},"73":{"start":{"line":189,"column":16},"end":{"line":191,"column":18}},"74":{"start":{"line":190,"column":20},"end":{"line":190,"column":76}},"75":{"start":{"line":197,"column":16},"end":{"line":200,"column":18}},"76":{"start":{"line":198,"column":20},"end":{"line":199,"column":87}},"77":{"start":{"line":202,"column":16},"end":{"line":205,"column":18}},"78":{"start":{"line":203,"column":20},"end":{"line":203,"column":57}},"79":{"start":{"line":203,"column":45},"end":{"line":203,"column":57}},"80":{"start":{"line":204,"column":20},"end":{"line":204,"column":83}},"81":{"start":{"line":207,"column":16},"end":{"line":212,"column":18}},"82":{"start":{"line":208,"column":20},"end":{"line":208,"column":65}},"83":{"start":{"line":208,"column":52},"end":{"line":208,"column":65}},"84":{"start":{"line":209,"column":36},"end":{"line":209,"column":69}},"85":{"start":{"line":210,"column":34},"end":{"line":210,"column":65}},"86":{"start":{"line":211,"column":20},"end":{"line":211,"column":91}},"87":{"start":{"line":214,"column":16},"end":{"line":218,"column":18}},"88":{"start":{"line":215,"column":20},"end":{"line":215,"column":58}},"89":{"start":{"line":215,"column":45},"end":{"line":215,"column":58}},"90":{"start":{"line":216,"column":33},"end":{"line":216,"column":84}},"91":{"start":{"line":217,"column":20},"end":{"line":217,"column":55}},"92":{"start":{"line":220,"column":16},"end":{"line":223,"column":18}},"93":{"start":{"line":221,"column":20},"end":{"line":221,"column":55}},"94":{"start":{"line":221,"column":45},"end":{"line":221,"column":55}},"95":{"start":{"line":222,"column":20},"end":{"line":222,"column":85}},"96":{"start":{"line":225,"column":16},"end":{"line":227,"column":18}},"97":{"start":{"line":226,"column":20},"end":{"line":226,"column":95}},"98":{"start":{"line":229,"column":16},"end":{"line":240,"column":18}},"99":{"start":{"line":230,"column":20},"end":{"line":232,"column":21}},"100":{"start":{"line":231,"column":24},"end":{"line":231,"column":113}},"101":{"start":{"line":233,"column":20},"end":{"line":235,"column":21}},"102":{"start":{"line":234,"column":24},"end":{"line":234,"column":102}},"103":{"start":{"line":236,"column":20},"end":{"line":238,"column":21}},"104":{"start":{"line":237,"column":24},"end":{"line":237,"column":101}},"105":{"start":{"line":239,"column":20},"end":{"line":239,"column":73}},"106":{"start":{"line":246,"column":16},"end":{"line":269,"column":18}},"107":{"start":{"line":247,"column":41},"end":{"line":247,"column":74}},"108":{"start":{"line":248,"column":20},"end":{"line":248,"column":92}},"109":{"start":{"line":248,"column":41},"end":{"line":248,"column":92}},"110":{"start":{"line":250,"column":35},"end":{"line":250,"column":58}},"111":{"start":{"line":251,"column":20},"end":{"line":258,"column":21}},"112":{"start":{"line":252,"column":39},"end":{"line":254,"column":26}},"113":{"start":{"line":253,"column":28},"end":{"line":253,"column":76}},"114":{"start":{"line":255,"column":24},"end":{"line":257,"column":109}},"115":{"start":{"line":260,"column":20},"end":{"line":262,"column":21}},"116":{"start":{"line":261,"column":24},"end":{"line":261,"column":75}},"117":{"start":{"line":263,"column":33},"end":{"line":263,"column":57}},"118":{"start":{"line":264,"column":32},"end":{"line":264,"column":95}},"119":{"start":{"line":265,"column":32},"end":{"line":265,"column":95}},"120":{"start":{"line":266,"column":20},"end":{"line":268,"column":105}},"121":{"start":{"line":273,"column":16},"end":{"line":283,"column":18}},"122":{"start":{"line":274,"column":20},"end":{"line":274,"column":94}},"123":{"start":{"line":274,"column":82},"end":{"line":274,"column":94}},"124":{"start":{"line":275,"column":38},"end":{"line":275,"column":71}},"125":{"start":{"line":276,"column":20},"end":{"line":276,"column":50}},"126":{"start":{"line":276,"column":38},"end":{"line":276,"column":50}},"127":{"start":{"line":277,"column":20},"end":{"line":281,"column":21}},"128":{"start":{"line":277,"column":33},"end":{"line":277,"column":34}},"129":{"start":{"line":278,"column":24},"end":{"line":280,"column":25}},"130":{"start":{"line":279,"column":28},"end":{"line":279,"column":53}},"131":{"start":{"line":282,"column":20},"end":{"line":282,"column":32}},"132":{"start":{"line":288,"column":16},"end":{"line":304,"column":18}},"133":{"start":{"line":289,"column":20},"end":{"line":289,"column":42}},"134":{"start":{"line":289,"column":32},"end":{"line":289,"column":42}},"135":{"start":{"line":290,"column":35},"end":{"line":290,"column":49}},"136":{"start":{"line":291,"column":20},"end":{"line":298,"column":21}},"137":{"start":{"line":292,"column":36},"end":{"line":292,"column":81}},"138":{"start":{"line":293,"column":37},"end":{"line":293,"column":84}},"139":{"start":{"line":294,"column":24},"end":{"line":297,"column":25}},"140":{"start":{"line":295,"column":42},"end":{"line":295,"column":73}},"141":{"start":{"line":296,"column":28},"end":{"line":296,"column":87}},"142":{"start":{"line":299,"column":20},"end":{"line":302,"column":21}},"143":{"start":{"line":300,"column":35},"end":{"line":300,"column":59}},"144":{"start":{"line":301,"column":24},"end":{"line":301,"column":83}},"145":{"start":{"line":303,"column":20},"end":{"line":303,"column":30}},"146":{"start":{"line":308,"column":16},"end":{"line":313,"column":18}},"147":{"start":{"line":309,"column":20},"end":{"line":309,"column":75}},"148":{"start":{"line":309,"column":63},"end":{"line":309,"column":75}},"149":{"start":{"line":310,"column":32},"end":{"line":310,"column":62}},"150":{"start":{"line":311,"column":20},"end":{"line":311,"column":79}},"151":{"start":{"line":311,"column":67},"end":{"line":311,"column":79}},"152":{"start":{"line":312,"column":20},"end":{"line":312,"column":41}},"153":{"start":{"line":317,"column":16},"end":{"line":319,"column":18}},"154":{"start":{"line":318,"column":20},"end":{"line":318,"column":97}},"155":{"start":{"line":323,"column":16},"end":{"line":330,"column":18}},"156":{"start":{"line":324,"column":20},"end":{"line":324,"column":42}},"157":{"start":{"line":324,"column":32},"end":{"line":324,"column":42}},"158":{"start":{"line":325,"column":32},"end":{"line":325,"column":62}},"159":{"start":{"line":326,"column":20},"end":{"line":328,"column":21}},"160":{"start":{"line":327,"column":24},"end":{"line":327,"column":47}},"161":{"start":{"line":329,"column":20},"end":{"line":329,"column":49}},"162":{"start":{"line":336,"column":16},"end":{"line":339,"column":18}},"163":{"start":{"line":337,"column":20},"end":{"line":337,"column":60}},"164":{"start":{"line":337,"column":33},"end":{"line":337,"column":60}},"165":{"start":{"line":338,"column":20},"end":{"line":338,"column":90}},"166":{"start":{"line":341,"column":16},"end":{"line":345,"column":18}},"167":{"start":{"line":342,"column":20},"end":{"line":342,"column":45}},"168":{"start":{"line":342,"column":35},"end":{"line":342,"column":45}},"169":{"start":{"line":343,"column":20},"end":{"line":344,"column":84}},"170":{"start":{"line":344,"column":57},"end":{"line":344,"column":80}},"171":{"start":{"line":347,"column":16},"end":{"line":351,"column":18}},"172":{"start":{"line":348,"column":20},"end":{"line":348,"column":52}},"173":{"start":{"line":348,"column":35},"end":{"line":348,"column":52}},"174":{"start":{"line":349,"column":37},"end":{"line":349,"column":78}},"175":{"start":{"line":350,"column":20},"end":{"line":350,"column":94}},"176":{"start":{"line":353,"column":16},"end":{"line":370,"column":18}},"177":{"start":{"line":354,"column":33},"end":{"line":354,"column":65}},"178":{"start":{"line":355,"column":36},"end":{"line":355,"column":69}},"179":{"start":{"line":356,"column":20},"end":{"line":356,"column":76}},"180":{"start":{"line":356,"column":62},"end":{"line":356,"column":76}},"181":{"start":{"line":358,"column":20},"end":{"line":368,"column":23}},"182":{"start":{"line":359,"column":24},"end":{"line":359,"column":52}},"183":{"start":{"line":359,"column":45},"end":{"line":359,"column":52}},"184":{"start":{"line":360,"column":34},"end":{"line":360,"column":81}},"185":{"start":{"line":361,"column":24},"end":{"line":367,"column":25}},"186":{"start":{"line":362,"column":28},"end":{"line":362,"column":54}},"187":{"start":{"line":363,"column":31},"end":{"line":367,"column":25}},"188":{"start":{"line":364,"column":28},"end":{"line":364,"column":55}},"189":{"start":{"line":366,"column":28},"end":{"line":366,"column":56}},"190":{"start":{"line":369,"column":20},"end":{"line":369,"column":34}},"191":{"start":{"line":372,"column":16},"end":{"line":376,"column":18}},"192":{"start":{"line":373,"column":20},"end":{"line":373,"column":90}},"193":{"start":{"line":373,"column":78},"end":{"line":373,"column":90}},"194":{"start":{"line":374,"column":32},"end":{"line":374,"column":93}},"195":{"start":{"line":375,"column":20},"end":{"line":375,"column":97}},"196":{"start":{"line":378,"column":16},"end":{"line":381,"column":18}},"197":{"start":{"line":379,"column":20},"end":{"line":379,"column":90}},"198":{"start":{"line":379,"column":78},"end":{"line":379,"column":90}},"199":{"start":{"line":380,"column":20},"end":{"line":380,"column":79}},"200":{"start":{"line":383,"column":16},"end":{"line":386,"column":18}},"201":{"start":{"line":384,"column":20},"end":{"line":384,"column":90}},"202":{"start":{"line":384,"column":78},"end":{"line":384,"column":90}},"203":{"start":{"line":385,"column":20},"end":{"line":385,"column":81}},"204":{"start":{"line":393,"column":38},"end":{"line":393,"column":40}},"205":{"start":{"line":394,"column":20},"end":{"line":396,"column":23}},"206":{"start":{"line":395,"column":24},"end":{"line":395,"column":79}},"207":{"start":{"line":395,"column":44},"end":{"line":395,"column":79}},"208":{"start":{"line":397,"column":20},"end":{"line":399,"column":23}},"209":{"start":{"line":398,"column":24},"end":{"line":398,"column":81}},"210":{"start":{"line":403,"column":20},"end":{"line":410,"column":21}},"211":{"start":{"line":405,"column":28},"end":{"line":405,"column":106}},"212":{"start":{"line":405,"column":53},"end":{"line":405,"column":103}},"213":{"start":{"line":407,"column":28},"end":{"line":407,"column":106}},"214":{"start":{"line":407,"column":53},"end":{"line":407,"column":103}},"215":{"start":{"line":409,"column":28},"end":{"line":409,"column":106}},"216":{"start":{"line":409,"column":53},"end":{"line":409,"column":103}},"217":{"start":{"line":413,"column":16},"end":{"line":451,"column":18}},"218":{"start":{"line":414,"column":34},"end":{"line":414,"column":58}},"219":{"start":{"line":415,"column":20},"end":{"line":415,"column":63}},"220":{"start":{"line":418,"column":32},"end":{"line":418,"column":80}},"221":{"start":{"line":419,"column":20},"end":{"line":425,"column":21}},"222":{"start":{"line":420,"column":24},"end":{"line":424,"column":27}},"223":{"start":{"line":421,"column":44},"end":{"line":421,"column":102}},"224":{"start":{"line":422,"column":44},"end":{"line":422,"column":116}},"225":{"start":{"line":423,"column":28},"end":{"line":423,"column":58}},"226":{"start":{"line":428,"column":35},"end":{"line":428,"column":79}},"227":{"start":{"line":429,"column":20},"end":{"line":433,"column":21}},"228":{"start":{"line":430,"column":24},"end":{"line":432,"column":27}},"229":{"start":{"line":431,"column":28},"end":{"line":431,"column":95}},"230":{"start":{"line":436,"column":20},"end":{"line":446,"column":21}},"231":{"start":{"line":437,"column":24},"end":{"line":437,"column":69}},"232":{"start":{"line":438,"column":27},"end":{"line":446,"column":21}},"233":{"start":{"line":439,"column":24},"end":{"line":439,"column":67}},"234":{"start":{"line":440,"column":27},"end":{"line":446,"column":21}},"235":{"start":{"line":441,"column":24},"end":{"line":441,"column":73}},"236":{"start":{"line":442,"column":27},"end":{"line":446,"column":21}},"237":{"start":{"line":443,"column":24},"end":{"line":445,"column":27}},"238":{"start":{"line":444,"column":28},"end":{"line":444,"column":96}},"239":{"start":{"line":448,"column":20},"end":{"line":448,"column":54}},"240":{"start":{"line":449,"column":20},"end":{"line":449,"column":66}},"241":{"start":{"line":450,"column":20},"end":{"line":450,"column":44}},"242":{"start":{"line":453,"column":16},"end":{"line":456,"column":18}},"243":{"start":{"line":454,"column":20},"end":{"line":454,"column":48}},"244":{"start":{"line":455,"column":20},"end":{"line":455,"column":42}},"245":{"start":{"line":458,"column":16},"end":{"line":461,"column":18}},"246":{"start":{"line":459,"column":20},"end":{"line":459,"column":41}},"247":{"start":{"line":460,"column":20},"end":{"line":460,"column":42}},"248":{"start":{"line":463,"column":16},"end":{"line":465,"column":18}},"249":{"start":{"line":464,"column":20},"end":{"line":464,"column":42}},"250":{"start":{"line":467,"column":16},"end":{"line":470,"column":18}},"251":{"start":{"line":468,"column":20},"end":{"line":468,"column":45}},"252":{"start":{"line":469,"column":20},"end":{"line":469,"column":42}},"253":{"start":{"line":472,"column":16},"end":{"line":474,"column":18}},"254":{"start":{"line":473,"column":20},"end":{"line":473,"column":42}},"255":{"start":{"line":480,"column":16},"end":{"line":483,"column":18}},"256":{"start":{"line":481,"column":20},"end":{"line":481,"column":49}},"257":{"start":{"line":482,"column":20},"end":{"line":482,"column":50}},"258":{"start":{"line":485,"column":16},"end":{"line":487,"column":18}},"259":{"start":{"line":486,"column":20},"end":{"line":486,"column":48}},"260":{"start":{"line":493,"column":16},"end":{"line":506,"column":18}},"261":{"start":{"line":494,"column":30},"end":{"line":494,"column":40}},"262":{"start":{"line":495,"column":20},"end":{"line":505,"column":21}},"263":{"start":{"line":496,"column":24},"end":{"line":496,"column":48}},"264":{"start":{"line":497,"column":24},"end":{"line":497,"column":50}},"265":{"start":{"line":498,"column":27},"end":{"line":505,"column":21}},"266":{"start":{"line":499,"column":24},"end":{"line":499,"column":48}},"267":{"start":{"line":500,"column":40},"end":{"line":500,"column":83}},"268":{"start":{"line":501,"column":24},"end":{"line":504,"column":25}},"269":{"start":{"line":502,"column":40},"end":{"line":502,"column":80}},"270":{"start":{"line":503,"column":28},"end":{"line":503,"column":75}},"271":{"start":{"line":503,"column":50},"end":{"line":503,"column":75}},"272":{"start":{"line":512,"column":16},"end":{"line":534,"column":18}},"273":{"start":{"line":513,"column":34},"end":{"line":513,"column":106}},"274":{"start":{"line":514,"column":31},"end":{"line":517,"column":64}},"275":{"start":{"line":518,"column":20},"end":{"line":520,"column":21}},"276":{"start":{"line":519,"column":24},"end":{"line":519,"column":76}},"277":{"start":{"line":521,"column":20},"end":{"line":521,"column":44}},"278":{"start":{"line":523,"column":33},"end":{"line":523,"column":46}},"279":{"start":{"line":524,"column":20},"end":{"line":533,"column":23}},"280":{"start":{"line":525,"column":24},"end":{"line":525,"column":55}},"281":{"start":{"line":526,"column":24},"end":{"line":526,"column":55}},"282":{"start":{"line":527,"column":24},"end":{"line":530,"column":33}},"283":{"start":{"line":528,"column":28},"end":{"line":528,"column":56}},"284":{"start":{"line":529,"column":28},"end":{"line":529,"column":62}},"285":{"start":{"line":532,"column":24},"end":{"line":532,"column":71}},"286":{"start":{"line":540,"column":16},"end":{"line":574,"column":18}},"287":{"start":{"line":541,"column":20},"end":{"line":541,"column":42}},"288":{"start":{"line":542,"column":20},"end":{"line":542,"column":40}},"289":{"start":{"line":544,"column":37},"end":{"line":559,"column":21}},"290":{"start":{"line":545,"column":24},"end":{"line":558,"column":31}},"291":{"start":{"line":547,"column":32},"end":{"line":547,"column":58}},"292":{"start":{"line":548,"column":32},"end":{"line":548,"column":87}},"293":{"start":{"line":549,"column":32},"end":{"line":549,"column":54}},"294":{"start":{"line":550,"column":32},"end":{"line":550,"column":81}},"295":{"start":{"line":553,"column":32},"end":{"line":553,"column":75}},"296":{"start":{"line":554,"column":32},"end":{"line":554,"column":91}},"297":{"start":{"line":557,"column":32},"end":{"line":557,"column":55}},"298":{"start":{"line":561,"column":20},"end":{"line":573,"column":21}},"299":{"start":{"line":562,"column":24},"end":{"line":570,"column":31}},"300":{"start":{"line":564,"column":32},"end":{"line":564,"column":45}},"301":{"start":{"line":565,"column":32},"end":{"line":565,"column":63}},"302":{"start":{"line":568,"column":32},"end":{"line":568,"column":71}},"303":{"start":{"line":569,"column":32},"end":{"line":569,"column":45}},"304":{"start":{"line":572,"column":24},"end":{"line":572,"column":37}},"305":{"start":{"line":576,"column":16},"end":{"line":591,"column":18}},"306":{"start":{"line":577,"column":20},"end":{"line":577,"column":56}},"307":{"start":{"line":578,"column":20},"end":{"line":590,"column":27}},"308":{"start":{"line":580,"column":28},"end":{"line":580,"column":60}},"309":{"start":{"line":581,"column":28},"end":{"line":582,"column":94}},"310":{"start":{"line":583,"column":28},"end":{"line":583,"column":50}},"311":{"start":{"line":586,"column":28},"end":{"line":586,"column":79}},"312":{"start":{"line":589,"column":28},"end":{"line":589,"column":65}},"313":{"start":{"line":593,"column":16},"end":{"line":601,"column":18}},"314":{"start":{"line":594,"column":20},"end":{"line":600,"column":27}},"315":{"start":{"line":596,"column":28},"end":{"line":596,"column":56}},"316":{"start":{"line":599,"column":28},"end":{"line":599,"column":83}},"317":{"start":{"line":607,"column":37},"end":{"line":618,"column":17}},"318":{"start":{"line":621,"column":20},"end":{"line":631,"column":21}},"319":{"start":{"line":622,"column":46},"end":{"line":629,"column":26}},"320":{"start":{"line":623,"column":50},"end":{"line":623,"column":89}},"321":{"start":{"line":624,"column":28},"end":{"line":628,"column":30}},"322":{"start":{"line":630,"column":24},"end":{"line":630,"column":59}},"323":{"start":{"line":632,"column":20},"end":{"line":634,"column":22}},"324":{"start":{"line":638,"column":20},"end":{"line":640,"column":23}},"325":{"start":{"line":639,"column":24},"end":{"line":639,"column":77}},"326":{"start":{"line":644,"column":20},"end":{"line":644,"column":45}},"327":{"start":{"line":645,"column":20},"end":{"line":645,"column":48}},"328":{"start":{"line":646,"column":20},"end":{"line":646,"column":47}},"329":{"start":{"line":647,"column":20},"end":{"line":647,"column":61}},"330":{"start":{"line":649,"column":20},"end":{"line":663,"column":27}},"331":{"start":{"line":651,"column":28},"end":{"line":651,"column":58}},"332":{"start":{"line":652,"column":28},"end":{"line":652,"column":74}},"333":{"start":{"line":655,"column":28},"end":{"line":655,"column":60}},"334":{"start":{"line":656,"column":28},"end":{"line":656,"column":50}},"335":{"start":{"line":659,"column":28},"end":{"line":659,"column":91}},"336":{"start":{"line":662,"column":28},"end":{"line":662,"column":54}},"337":{"start":{"line":666,"column":16},"end":{"line":668,"column":18}},"338":{"start":{"line":667,"column":20},"end":{"line":667,"column":110}},"339":{"start":{"line":670,"column":16},"end":{"line":672,"column":18}},"340":{"start":{"line":671,"column":20},"end":{"line":671,"column":107}},"341":{"start":{"line":674,"column":16},"end":{"line":676,"column":18}},"342":{"start":{"line":675,"column":20},"end":{"line":675,"column":109}},"343":{"start":{"line":678,"column":16},"end":{"line":680,"column":18}},"344":{"start":{"line":679,"column":20},"end":{"line":679,"column":113}},"345":{"start":{"line":682,"column":16},"end":{"line":692,"column":18}},"346":{"start":{"line":683,"column":39},"end":{"line":683,"column":75}},"347":{"start":{"line":684,"column":20},"end":{"line":688,"column":21}},"348":{"start":{"line":685,"column":24},"end":{"line":685,"column":56}},"349":{"start":{"line":686,"column":24},"end":{"line":686,"column":54}},"350":{"start":{"line":687,"column":24},"end":{"line":687,"column":31}},"351":{"start":{"line":689,"column":20},"end":{"line":691,"column":39}},"352":{"start":{"line":690,"column":24},"end":{"line":690,"column":80}},"353":{"start":{"line":694,"column":16},"end":{"line":698,"column":18}},"354":{"start":{"line":695,"column":20},"end":{"line":697,"column":34}},"355":{"start":{"line":696,"column":24},"end":{"line":696,"column":79}},"356":{"start":{"line":700,"column":16},"end":{"line":704,"column":18}},"357":{"start":{"line":701,"column":20},"end":{"line":703,"column":36}},"358":{"start":{"line":702,"column":24},"end":{"line":702,"column":75}},"359":{"start":{"line":706,"column":16},"end":{"line":710,"column":18}},"360":{"start":{"line":707,"column":20},"end":{"line":709,"column":30}},"361":{"start":{"line":708,"column":24},"end":{"line":708,"column":69}},"362":{"start":{"line":712,"column":16},"end":{"line":716,"column":18}},"363":{"start":{"line":713,"column":20},"end":{"line":713,"column":48}},"364":{"start":{"line":714,"column":20},"end":{"line":714,"column":47}},"365":{"start":{"line":715,"column":20},"end":{"line":715,"column":52}},"366":{"start":{"line":722,"column":16},"end":{"line":725,"column":18}},"367":{"start":{"line":723,"column":20},"end":{"line":723,"column":55}},"368":{"start":{"line":724,"column":20},"end":{"line":724,"column":52}},"369":{"start":{"line":727,"column":16},"end":{"line":730,"column":18}},"370":{"start":{"line":728,"column":20},"end":{"line":728,"column":56}},"371":{"start":{"line":729,"column":20},"end":{"line":729,"column":51}},"372":{"start":{"line":732,"column":16},"end":{"line":736,"column":18}},"373":{"start":{"line":733,"column":20},"end":{"line":733,"column":56}},"374":{"start":{"line":734,"column":20},"end":{"line":734,"column":67}},"375":{"start":{"line":735,"column":20},"end":{"line":735,"column":51}},"376":{"start":{"line":738,"column":16},"end":{"line":741,"column":18}},"377":{"start":{"line":739,"column":20},"end":{"line":739,"column":53}},"378":{"start":{"line":740,"column":20},"end":{"line":740,"column":49}},"379":{"start":{"line":743,"column":16},"end":{"line":750,"column":18}},"380":{"start":{"line":744,"column":20},"end":{"line":744,"column":53}},"381":{"start":{"line":745,"column":32},"end":{"line":745,"column":53}},"382":{"start":{"line":746,"column":20},"end":{"line":746,"column":49}},"383":{"start":{"line":747,"column":20},"end":{"line":749,"column":39}},"384":{"start":{"line":748,"column":24},"end":{"line":748,"column":80}},"385":{"start":{"line":756,"column":16},"end":{"line":756,"column":44}},"386":{"start":{"line":757,"column":16},"end":{"line":757,"column":44}}},"fnMap":{"0":{"name":"(anonymous_0)","decl":{"start":{"line":17,"column":1},"end":{"line":17,"column":2}},"loc":{"start":{"line":17,"column":13},"end":{"line":760,"column":1}},"line":17},"1":{"name":"parseVersion","decl":{"start":{"line":38,"column":13},"end":{"line":38,"column":25}},"loc":{"start":{"line":38,"column":29},"end":{"line":41,"column":5}},"line":38},"2":{"name":"compareVersions","decl":{"start":{"line":43,"column":13},"end":{"line":43,"column":28}},"loc":{"start":{"line":43,"column":37},"end":{"line":55,"column":5}},"line":43},"3":{"name":"isEpochCompatible","decl":{"start":{"line":59,"column":13},"end":{"line":59,"column":30}},"loc":{"start":{"line":59,"column":51},"end":{"line":66,"column":5}},"line":59},"4":{"name":"(anonymous_4)","decl":{"start":{"line":73,"column":63},"end":{"line":73,"column":64}},"loc":{"start":{"line":73,"column":90},"end":{"line":131,"column":9}},"line":73},"5":{"name":"mapProjectContext","decl":{"start":{"line":75,"column":21},"end":{"line":75,"column":38}},"loc":{"start":{"line":75,"column":45},"end":{"line":82,"column":13}},"line":75},"6":{"name":"(anonymous_6)","decl":{"start":{"line":85,"column":27},"end":{"line":85,"column":28}},"loc":{"start":{"line":85,"column":39},"end":{"line":90,"column":17}},"line":85},"7":{"name":"(anonymous_7)","decl":{"start":{"line":87,"column":30},"end":{"line":87,"column":31}},"loc":{"start":{"line":87,"column":50},"end":{"line":89,"column":25}},"line":87},"8":{"name":"(anonymous_8)","decl":{"start":{"line":92,"column":31},"end":{"line":92,"column":32}},"loc":{"start":{"line":92,"column":43},"end":{"line":94,"column":17}},"line":92},"9":{"name":"(anonymous_9)","decl":{"start":{"line":96,"column":35},"end":{"line":96,"column":36}},"loc":{"start":{"line":96,"column":47},"end":{"line":101,"column":17}},"line":96},"10":{"name":"(anonymous_10)","decl":{"start":{"line":98,"column":30},"end":{"line":98,"column":31}},"loc":{"start":{"line":98,"column":50},"end":{"line":100,"column":25}},"line":98},"11":{"name":"(anonymous_11)","decl":{"start":{"line":103,"column":39},"end":{"line":103,"column":40}},"loc":{"start":{"line":103,"column":51},"end":{"line":105,"column":17}},"line":103},"12":{"name":"(anonymous_12)","decl":{"start":{"line":107,"column":30},"end":{"line":107,"column":31}},"loc":{"start":{"line":107,"column":58},"end":{"line":115,"column":17}},"line":107},"13":{"name":"(anonymous_13)","decl":{"start":{"line":112,"column":48},"end":{"line":112,"column":49}},"loc":{"start":{"line":112,"column":68},"end":{"line":114,"column":21}},"line":112},"14":{"name":"(anonymous_14)","decl":{"start":{"line":117,"column":32},"end":{"line":117,"column":33}},"loc":{"start":{"line":117,"column":51},"end":{"line":122,"column":17}},"line":117},"15":{"name":"(anonymous_15)","decl":{"start":{"line":119,"column":30},"end":{"line":119,"column":31}},"loc":{"start":{"line":119,"column":50},"end":{"line":121,"column":25}},"line":119},"16":{"name":"(anonymous_16)","decl":{"start":{"line":124,"column":26},"end":{"line":124,"column":27}},"loc":{"start":{"line":124,"column":45},"end":{"line":129,"column":17}},"line":124},"17":{"name":"(anonymous_17)","decl":{"start":{"line":126,"column":30},"end":{"line":126,"column":31}},"loc":{"start":{"line":126,"column":50},"end":{"line":128,"column":25}},"line":126},"18":{"name":"(anonymous_18)","decl":{"start":{"line":140,"column":12},"end":{"line":140,"column":13}},"loc":{"start":{"line":140,"column":56},"end":{"line":758,"column":13}},"line":140},"19":{"name":"(anonymous_19)","decl":{"start":{"line":181,"column":43},"end":{"line":181,"column":44}},"loc":{"start":{"line":181,"column":55},"end":{"line":183,"column":17}},"line":181},"20":{"name":"(anonymous_20)","decl":{"start":{"line":185,"column":43},"end":{"line":185,"column":44}},"loc":{"start":{"line":185,"column":55},"end":{"line":187,"column":17}},"line":185},"21":{"name":"(anonymous_21)","decl":{"start":{"line":189,"column":43},"end":{"line":189,"column":44}},"loc":{"start":{"line":189,"column":55},"end":{"line":191,"column":17}},"line":189},"22":{"name":"(anonymous_22)","decl":{"start":{"line":197,"column":37},"end":{"line":197,"column":38}},"loc":{"start":{"line":197,"column":54},"end":{"line":200,"column":17}},"line":197},"23":{"name":"(anonymous_23)","decl":{"start":{"line":202,"column":45},"end":{"line":202,"column":46}},"loc":{"start":{"line":202,"column":62},"end":{"line":205,"column":17}},"line":202},"24":{"name":"(anonymous_24)","decl":{"start":{"line":207,"column":35},"end":{"line":207,"column":36}},"loc":{"start":{"line":207,"column":52},"end":{"line":212,"column":17}},"line":207},"25":{"name":"(anonymous_25)","decl":{"start":{"line":214,"column":41},"end":{"line":214,"column":42}},"loc":{"start":{"line":214,"column":58},"end":{"line":218,"column":17}},"line":214},"26":{"name":"(anonymous_26)","decl":{"start":{"line":220,"column":44},"end":{"line":220,"column":45}},"loc":{"start":{"line":220,"column":61},"end":{"line":223,"column":17}},"line":220},"27":{"name":"(anonymous_27)","decl":{"start":{"line":225,"column":47},"end":{"line":225,"column":48}},"loc":{"start":{"line":225,"column":59},"end":{"line":227,"column":17}},"line":225},"28":{"name":"(anonymous_28)","decl":{"start":{"line":229,"column":42},"end":{"line":229,"column":43}},"loc":{"start":{"line":229,"column":59},"end":{"line":240,"column":17}},"line":229},"29":{"name":"(anonymous_29)","decl":{"start":{"line":246,"column":48},"end":{"line":246,"column":49}},"loc":{"start":{"line":246,"column":65},"end":{"line":269,"column":17}},"line":246},"30":{"name":"(anonymous_30)","decl":{"start":{"line":252,"column":53},"end":{"line":252,"column":54}},"loc":{"start":{"line":252,"column":70},"end":{"line":254,"column":25}},"line":252},"31":{"name":"(anonymous_31)","decl":{"start":{"line":273,"column":42},"end":{"line":273,"column":43}},"loc":{"start":{"line":273,"column":59},"end":{"line":283,"column":17}},"line":273},"32":{"name":"(anonymous_32)","decl":{"start":{"line":288,"column":38},"end":{"line":288,"column":39}},"loc":{"start":{"line":288,"column":55},"end":{"line":304,"column":17}},"line":288},"33":{"name":"(anonymous_33)","decl":{"start":{"line":308,"column":47},"end":{"line":308,"column":48}},"loc":{"start":{"line":308,"column":64},"end":{"line":313,"column":17}},"line":308},"34":{"name":"(anonymous_34)","decl":{"start":{"line":317,"column":43},"end":{"line":317,"column":44}},"loc":{"start":{"line":317,"column":60},"end":{"line":319,"column":17}},"line":317},"35":{"name":"(anonymous_35)","decl":{"start":{"line":323,"column":45},"end":{"line":323,"column":46}},"loc":{"start":{"line":323,"column":62},"end":{"line":330,"column":17}},"line":323},"36":{"name":"(anonymous_36)","decl":{"start":{"line":336,"column":43},"end":{"line":336,"column":44}},"loc":{"start":{"line":336,"column":61},"end":{"line":339,"column":17}},"line":336},"37":{"name":"(anonymous_37)","decl":{"start":{"line":341,"column":40},"end":{"line":341,"column":41}},"loc":{"start":{"line":341,"column":60},"end":{"line":345,"column":17}},"line":341},"38":{"name":"(anonymous_38)","decl":{"start":{"line":344,"column":42},"end":{"line":344,"column":43}},"loc":{"start":{"line":344,"column":55},"end":{"line":344,"column":82}},"line":344},"39":{"name":"(anonymous_39)","decl":{"start":{"line":347,"column":42},"end":{"line":347,"column":43}},"loc":{"start":{"line":347,"column":62},"end":{"line":351,"column":17}},"line":347},"40":{"name":"(anonymous_40)","decl":{"start":{"line":353,"column":46},"end":{"line":353,"column":47}},"loc":{"start":{"line":353,"column":63},"end":{"line":370,"column":17}},"line":353},"41":{"name":"(anonymous_41)","decl":{"start":{"line":358,"column":38},"end":{"line":358,"column":39}},"loc":{"start":{"line":358,"column":58},"end":{"line":368,"column":21}},"line":358},"42":{"name":"(anonymous_42)","decl":{"start":{"line":372,"column":43},"end":{"line":372,"column":44}},"loc":{"start":{"line":372,"column":60},"end":{"line":376,"column":17}},"line":372},"43":{"name":"(anonymous_43)","decl":{"start":{"line":378,"column":38},"end":{"line":378,"column":39}},"loc":{"start":{"line":378,"column":55},"end":{"line":381,"column":17}},"line":378},"44":{"name":"(anonymous_44)","decl":{"start":{"line":383,"column":40},"end":{"line":383,"column":41}},"loc":{"start":{"line":383,"column":57},"end":{"line":386,"column":17}},"line":383},"45":{"name":"extractCategories","decl":{"start":{"line":392,"column":25},"end":{"line":392,"column":42}},"loc":{"start":{"line":392,"column":51},"end":{"line":400,"column":17}},"line":392},"46":{"name":"(anonymous_46)","decl":{"start":{"line":394,"column":35},"end":{"line":394,"column":36}},"loc":{"start":{"line":394,"column":52},"end":{"line":396,"column":21}},"line":394},"47":{"name":"(anonymous_47)","decl":{"start":{"line":397,"column":63},"end":{"line":397,"column":64}},"loc":{"start":{"line":397,"column":78},"end":{"line":399,"column":21}},"line":397},"48":{"name":"getSortComparator","decl":{"start":{"line":402,"column":25},"end":{"line":402,"column":42}},"loc":{"start":{"line":402,"column":45},"end":{"line":411,"column":17}},"line":402},"49":{"name":"(anonymous_49)","decl":{"start":{"line":405,"column":35},"end":{"line":405,"column":36}},"loc":{"start":{"line":405,"column":51},"end":{"line":405,"column":105}},"line":405},"50":{"name":"(anonymous_50)","decl":{"start":{"line":407,"column":35},"end":{"line":407,"column":36}},"loc":{"start":{"line":407,"column":51},"end":{"line":407,"column":105}},"line":407},"51":{"name":"(anonymous_51)","decl":{"start":{"line":409,"column":35},"end":{"line":409,"column":36}},"loc":{"start":{"line":409,"column":51},"end":{"line":409,"column":105}},"line":409},"52":{"name":"(anonymous_52)","decl":{"start":{"line":413,"column":38},"end":{"line":413,"column":39}},"loc":{"start":{"line":413,"column":50},"end":{"line":451,"column":17}},"line":413},"53":{"name":"(anonymous_53)","decl":{"start":{"line":420,"column":49},"end":{"line":420,"column":50}},"loc":{"start":{"line":420,"column":66},"end":{"line":424,"column":25}},"line":420},"54":{"name":"(anonymous_54)","decl":{"start":{"line":430,"column":49},"end":{"line":430,"column":50}},"loc":{"start":{"line":430,"column":66},"end":{"line":432,"column":25}},"line":430},"55":{"name":"(anonymous_55)","decl":{"start":{"line":443,"column":49},"end":{"line":443,"column":50}},"loc":{"start":{"line":443,"column":66},"end":{"line":445,"column":25}},"line":443},"56":{"name":"(anonymous_56)","decl":{"start":{"line":453,"column":40},"end":{"line":453,"column":41}},"loc":{"start":{"line":453,"column":58},"end":{"line":456,"column":17}},"line":453},"57":{"name":"(anonymous_57)","decl":{"start":{"line":458,"column":35},"end":{"line":458,"column":36}},"loc":{"start":{"line":458,"column":51},"end":{"line":461,"column":17}},"line":458},"58":{"name":"(anonymous_58)","decl":{"start":{"line":463,"column":32},"end":{"line":463,"column":33}},"loc":{"start":{"line":463,"column":44},"end":{"line":465,"column":17}},"line":463},"59":{"name":"(anonymous_59)","decl":{"start":{"line":467,"column":37},"end":{"line":467,"column":38}},"loc":{"start":{"line":467,"column":49},"end":{"line":470,"column":17}},"line":467},"60":{"name":"(anonymous_60)","decl":{"start":{"line":472,"column":38},"end":{"line":472,"column":39}},"loc":{"start":{"line":472,"column":50},"end":{"line":474,"column":17}},"line":472},"61":{"name":"(anonymous_61)","decl":{"start":{"line":480,"column":37},"end":{"line":480,"column":38}},"loc":{"start":{"line":480,"column":54},"end":{"line":483,"column":17}},"line":480},"62":{"name":"(anonymous_62)","decl":{"start":{"line":485,"column":40},"end":{"line":485,"column":41}},"loc":{"start":{"line":485,"column":52},"end":{"line":487,"column":17}},"line":485},"63":{"name":"(anonymous_63)","decl":{"start":{"line":493,"column":39},"end":{"line":493,"column":40}},"loc":{"start":{"line":493,"column":71},"end":{"line":506,"column":17}},"line":493},"64":{"name":"(anonymous_64)","decl":{"start":{"line":512,"column":41},"end":{"line":512,"column":42}},"loc":{"start":{"line":512,"column":69},"end":{"line":534,"column":17}},"line":512},"65":{"name":"(anonymous_65)","decl":{"start":{"line":524,"column":61},"end":{"line":524,"column":62}},"loc":{"start":{"line":524,"column":73},"end":{"line":531,"column":21}},"line":524},"66":{"name":"(anonymous_66)","decl":{"start":{"line":527,"column":35},"end":{"line":527,"column":36}},"loc":{"start":{"line":527,"column":47},"end":{"line":530,"column":25}},"line":527},"67":{"name":"(anonymous_67)","decl":{"start":{"line":531,"column":29},"end":{"line":531,"column":30}},"loc":{"start":{"line":531,"column":44},"end":{"line":533,"column":21}},"line":531},"68":{"name":"(anonymous_68)","decl":{"start":{"line":540,"column":39},"end":{"line":540,"column":40}},"loc":{"start":{"line":540,"column":63},"end":{"line":574,"column":17}},"line":540},"69":{"name":"(anonymous_69)","decl":{"start":{"line":544,"column":37},"end":{"line":544,"column":38}},"loc":{"start":{"line":544,"column":49},"end":{"line":559,"column":21}},"line":544},"70":{"name":"(anonymous_70)","decl":{"start":{"line":546,"column":34},"end":{"line":546,"column":35}},"loc":{"start":{"line":546,"column":52},"end":{"line":551,"column":29}},"line":546},"71":{"name":"(anonymous_71)","decl":{"start":{"line":552,"column":35},"end":{"line":552,"column":36}},"loc":{"start":{"line":552,"column":52},"end":{"line":555,"column":29}},"line":552},"72":{"name":"(anonymous_72)","decl":{"start":{"line":556,"column":37},"end":{"line":556,"column":38}},"loc":{"start":{"line":556,"column":49},"end":{"line":558,"column":29}},"line":556},"73":{"name":"(anonymous_73)","decl":{"start":{"line":563,"column":34},"end":{"line":563,"column":35}},"loc":{"start":{"line":563,"column":46},"end":{"line":566,"column":29}},"line":563},"74":{"name":"(anonymous_74)","decl":{"start":{"line":567,"column":35},"end":{"line":567,"column":36}},"loc":{"start":{"line":567,"column":52},"end":{"line":570,"column":29}},"line":567},"75":{"name":"(anonymous_75)","decl":{"start":{"line":576,"column":44},"end":{"line":576,"column":45}},"loc":{"start":{"line":576,"column":56},"end":{"line":591,"column":17}},"line":576},"76":{"name":"(anonymous_76)","decl":{"start":{"line":579,"column":30},"end":{"line":579,"column":31}},"loc":{"start":{"line":579,"column":49},"end":{"line":584,"column":25}},"line":579},"77":{"name":"(anonymous_77)","decl":{"start":{"line":585,"column":31},"end":{"line":585,"column":32}},"loc":{"start":{"line":585,"column":48},"end":{"line":587,"column":25}},"line":585},"78":{"name":"(anonymous_78)","decl":{"start":{"line":588,"column":33},"end":{"line":588,"column":34}},"loc":{"start":{"line":588,"column":45},"end":{"line":590,"column":25}},"line":588},"79":{"name":"(anonymous_79)","decl":{"start":{"line":593,"column":47},"end":{"line":593,"column":48}},"loc":{"start":{"line":593,"column":59},"end":{"line":601,"column":17}},"line":593},"80":{"name":"(anonymous_80)","decl":{"start":{"line":595,"column":30},"end":{"line":595,"column":31}},"loc":{"start":{"line":595,"column":42},"end":{"line":597,"column":25}},"line":595},"81":{"name":"(anonymous_81)","decl":{"start":{"line":598,"column":31},"end":{"line":598,"column":32}},"loc":{"start":{"line":598,"column":48},"end":{"line":600,"column":25}},"line":598},"82":{"name":"formatInstallError","decl":{"start":{"line":620,"column":25},"end":{"line":620,"column":43}},"loc":{"start":{"line":620,"column":66},"end":{"line":635,"column":17}},"line":620},"83":{"name":"(anonymous_83)","decl":{"start":{"line":622,"column":68},"end":{"line":622,"column":69}},"loc":{"start":{"line":622,"column":83},"end":{"line":629,"column":25}},"line":622},"84":{"name":"hasInstallableArtifacts","decl":{"start":{"line":637,"column":25},"end":{"line":637,"column":48}},"loc":{"start":{"line":637,"column":56},"end":{"line":641,"column":17}},"line":637},"85":{"name":"(anonymous_85)","decl":{"start":{"line":638,"column":66},"end":{"line":638,"column":67}},"loc":{"start":{"line":638,"column":79},"end":{"line":640,"column":21}},"line":638},"86":{"name":"performInstallOperation","decl":{"start":{"line":643,"column":25},"end":{"line":643,"column":48}},"loc":{"start":{"line":643,"column":82},"end":{"line":664,"column":17}},"line":643},"87":{"name":"(anonymous_87)","decl":{"start":{"line":650,"column":30},"end":{"line":650,"column":31}},"loc":{"start":{"line":650,"column":48},"end":{"line":653,"column":25}},"line":650},"88":{"name":"(anonymous_88)","decl":{"start":{"line":654,"column":30},"end":{"line":654,"column":31}},"loc":{"start":{"line":654,"column":49},"end":{"line":657,"column":25}},"line":654},"89":{"name":"(anonymous_89)","decl":{"start":{"line":658,"column":31},"end":{"line":658,"column":32}},"loc":{"start":{"line":658,"column":48},"end":{"line":660,"column":25}},"line":658},"90":{"name":"(anonymous_90)","decl":{"start":{"line":661,"column":33},"end":{"line":661,"column":34}},"loc":{"start":{"line":661,"column":45},"end":{"line":663,"column":25}},"line":661},"91":{"name":"(anonymous_91)","decl":{"start":{"line":666,"column":36},"end":{"line":666,"column":37}},"loc":{"start":{"line":666,"column":53},"end":{"line":668,"column":17}},"line":666},"92":{"name":"(anonymous_92)","decl":{"start":{"line":670,"column":35},"end":{"line":670,"column":36}},"loc":{"start":{"line":670,"column":52},"end":{"line":672,"column":17}},"line":670},"93":{"name":"(anonymous_93)","decl":{"start":{"line":674,"column":38},"end":{"line":674,"column":39}},"loc":{"start":{"line":674,"column":55},"end":{"line":676,"column":17}},"line":674},"94":{"name":"(anonymous_94)","decl":{"start":{"line":678,"column":32},"end":{"line":678,"column":33}},"loc":{"start":{"line":678,"column":49},"end":{"line":680,"column":17}},"line":678},"95":{"name":"(anonymous_95)","decl":{"start":{"line":682,"column":38},"end":{"line":682,"column":39}},"loc":{"start":{"line":682,"column":55},"end":{"line":692,"column":17}},"line":682},"96":{"name":"(anonymous_96)","decl":{"start":{"line":689,"column":51},"end":{"line":689,"column":52}},"loc":{"start":{"line":689,"column":63},"end":{"line":691,"column":21}},"line":689},"97":{"name":"(anonymous_97)","decl":{"start":{"line":694,"column":37},"end":{"line":694,"column":38}},"loc":{"start":{"line":694,"column":54},"end":{"line":698,"column":17}},"line":694},"98":{"name":"(anonymous_98)","decl":{"start":{"line":695,"column":51},"end":{"line":695,"column":52}},"loc":{"start":{"line":695,"column":63},"end":{"line":697,"column":21}},"line":695},"99":{"name":"(anonymous_99)","decl":{"start":{"line":700,"column":40},"end":{"line":700,"column":41}},"loc":{"start":{"line":700,"column":57},"end":{"line":704,"column":17}},"line":700},"100":{"name":"(anonymous_100)","decl":{"start":{"line":701,"column":51},"end":{"line":701,"column":52}},"loc":{"start":{"line":701,"column":63},"end":{"line":703,"column":21}},"line":701},"101":{"name":"(anonymous_101)","decl":{"start":{"line":706,"column":34},"end":{"line":706,"column":35}},"loc":{"start":{"line":706,"column":51},"end":{"line":710,"column":17}},"line":706},"102":{"name":"(anonymous_102)","decl":{"start":{"line":707,"column":51},"end":{"line":707,"column":52}},"loc":{"start":{"line":707,"column":63},"end":{"line":709,"column":21}},"line":707},"103":{"name":"(anonymous_103)","decl":{"start":{"line":712,"column":46},"end":{"line":712,"column":47}},"loc":{"start":{"line":712,"column":58},"end":{"line":716,"column":17}},"line":712},"104":{"name":"(anonymous_104)","decl":{"start":{"line":722,"column":42},"end":{"line":722,"column":43}},"loc":{"start":{"line":722,"column":59},"end":{"line":725,"column":17}},"line":722},"105":{"name":"(anonymous_105)","decl":{"start":{"line":727,"column":41},"end":{"line":727,"column":42}},"loc":{"start":{"line":727,"column":53},"end":{"line":730,"column":17}},"line":727},"106":{"name":"(anonymous_106)","decl":{"start":{"line":732,"column":42},"end":{"line":732,"column":43}},"loc":{"start":{"line":732,"column":54},"end":{"line":736,"column":17}},"line":732},"107":{"name":"(anonymous_107)","decl":{"start":{"line":738,"column":45},"end":{"line":738,"column":46}},"loc":{"start":{"line":738,"column":57},"end":{"line":741,"column":17}},"line":738},"108":{"name":"(anonymous_108)","decl":{"start":{"line":743,"column":40},"end":{"line":743,"column":41}},"loc":{"start":{"line":743,"column":52},"end":{"line":750,"column":17}},"line":743},"109":{"name":"(anonymous_109)","decl":{"start":{"line":747,"column":51},"end":{"line":747,"column":52}},"loc":{"start":{"line":747,"column":63},"end":{"line":749,"column":21}},"line":747}},"branchMap":{"0":{"loc":{"start":{"line":39,"column":8},"end":{"line":39,"column":26}},"type":"if","locations":[{"start":{"line":39,"column":8},"end":{"line":39,"column":26}},{"start":{},"end":{}}],"line":39},"1":{"loc":{"start":{"line":44,"column":8},"end":{"line":44,"column":33}},"type":"if","locations":[{"start":{"line":44,"column":8},"end":{"line":44,"column":33}},{"start":{},"end":{}}],"line":44},"2":{"loc":{"start":{"line":44,"column":12},"end":{"line":44,"column":22}},"type":"binary-expr","locations":[{"start":{"line":44,"column":12},"end":{"line":44,"column":15}},{"start":{"line":44,"column":19},"end":{"line":44,"column":22}}],"line":44},"3":{"loc":{"start":{"line":49,"column":21},"end":{"line":49,"column":35}},"type":"binary-expr","locations":[{"start":{"line":49,"column":21},"end":{"line":49,"column":30}},{"start":{"line":49,"column":34},"end":{"line":49,"column":35}}],"line":49},"4":{"loc":{"start":{"line":50,"column":21},"end":{"line":50,"column":35}},"type":"binary-expr","locations":[{"start":{"line":50,"column":21},"end":{"line":50,"column":30}},{"start":{"line":50,"column":34},"end":{"line":50,"column":35}}],"line":50},"5":{"loc":{"start":{"line":51,"column":12},"end":{"line":51,"column":35}},"type":"if","locations":[{"start":{"line":51,"column":12},"end":{"line":51,"column":35}},{"start":{},"end":{}}],"line":51},"6":{"loc":{"start":{"line":52,"column":12},"end":{"line":52,"column":34}},"type":"if","locations":[{"start":{"line":52,"column":12},"end":{"line":52,"column":34}},{"start":{},"end":{}}],"line":52},"7":{"loc":{"start":{"line":60,"column":8},"end":{"line":60,"column":86}},"type":"if","locations":[{"start":{"line":60,"column":8},"end":{"line":60,"column":86}},{"start":{},"end":{}}],"line":60},"8":{"loc":{"start":{"line":60,"column":12},"end":{"line":60,"column":71}},"type":"binary-expr","locations":[{"start":{"line":60,"column":12},"end":{"line":60,"column":18}},{"start":{"line":60,"column":22},"end":{"line":60,"column":42}},{"start":{"line":60,"column":46},"end":{"line":60,"column":71}}],"line":60},"9":{"loc":{"start":{"line":62,"column":8},"end":{"line":62,"column":81}},"type":"if","locations":[{"start":{"line":62,"column":8},"end":{"line":62,"column":81}},{"start":{},"end":{}}],"line":62},"10":{"loc":{"start":{"line":62,"column":12},"end":{"line":62,"column":66}},"type":"binary-expr","locations":[{"start":{"line":62,"column":12},"end":{"line":62,"column":20}},{"start":{"line":62,"column":24},"end":{"line":62,"column":66}}],"line":62},"11":{"loc":{"start":{"line":63,"column":8},"end":{"line":63,"column":81}},"type":"if","locations":[{"start":{"line":63,"column":8},"end":{"line":63,"column":81}},{"start":{},"end":{}}],"line":63},"12":{"loc":{"start":{"line":63,"column":12},"end":{"line":63,"column":66}},"type":"binary-expr","locations":[{"start":{"line":63,"column":12},"end":{"line":63,"column":20}},{"start":{"line":63,"column":24},"end":{"line":63,"column":66}}],"line":63},"13":{"loc":{"start":{"line":64,"column":8},"end":{"line":64,"column":100}},"type":"if","locations":[{"start":{"line":64,"column":8},"end":{"line":64,"column":100}},{"start":{},"end":{}}],"line":64},"14":{"loc":{"start":{"line":64,"column":12},"end":{"line":64,"column":85}},"type":"binary-expr","locations":[{"start":{"line":64,"column":12},"end":{"line":64,"column":29}},{"start":{"line":64,"column":33},"end":{"line":64,"column":85}}],"line":64},"15":{"loc":{"start":{"line":77,"column":33},"end":{"line":77,"column":57}},"type":"binary-expr","locations":[{"start":{"line":77,"column":33},"end":{"line":77,"column":49}},{"start":{"line":77,"column":53},"end":{"line":77,"column":57}}],"line":77},"16":{"loc":{"start":{"line":78,"column":33},"end":{"line":78,"column":57}},"type":"binary-expr","locations":[{"start":{"line":78,"column":33},"end":{"line":78,"column":49}},{"start":{"line":78,"column":53},"end":{"line":78,"column":57}}],"line":78},"17":{"loc":{"start":{"line":79,"column":37},"end":{"line":79,"column":63}},"type":"binary-expr","locations":[{"start":{"line":79,"column":37},"end":{"line":79,"column":57}},{"start":{"line":79,"column":61},"end":{"line":79,"column":63}}],"line":79},"18":{"loc":{"start":{"line":80,"column":41},"end":{"line":80,"column":71}},"type":"binary-expr","locations":[{"start":{"line":80,"column":41},"end":{"line":80,"column":65}},{"start":{"line":80,"column":69},"end":{"line":80,"column":71}}],"line":80},"19":{"loc":{"start":{"line":88,"column":35},"end":{"line":88,"column":54}},"type":"binary-expr","locations":[{"start":{"line":88,"column":35},"end":{"line":88,"column":48}},{"start":{"line":88,"column":52},"end":{"line":88,"column":54}}],"line":88},"20":{"loc":{"start":{"line":99,"column":53},"end":{"line":99,"column":72}},"type":"binary-expr","locations":[{"start":{"line":99,"column":53},"end":{"line":99,"column":66}},{"start":{"line":99,"column":70},"end":{"line":99,"column":72}}],"line":99},"21":{"loc":{"start":{"line":109,"column":20},"end":{"line":111,"column":21}},"type":"if","locations":[{"start":{"line":109,"column":20},"end":{"line":111,"column":21}},{"start":{},"end":{}}],"line":109},"22":{"loc":{"start":{"line":186,"column":39},"end":{"line":186,"column":82}},"type":"binary-expr","locations":[{"start":{"line":186,"column":39},"end":{"line":186,"column":76}},{"start":{"line":186,"column":80},"end":{"line":186,"column":82}}],"line":186},"23":{"loc":{"start":{"line":198,"column":27},"end":{"line":199,"column":86}},"type":"binary-expr","locations":[{"start":{"line":198,"column":27},"end":{"line":198,"column":32}},{"start":{"line":198,"column":36},"end":{"line":198,"column":44}},{"start":{"line":199,"column":24},"end":{"line":199,"column":86}}],"line":198},"24":{"loc":{"start":{"line":203,"column":20},"end":{"line":203,"column":57}},"type":"if","locations":[{"start":{"line":203,"column":20},"end":{"line":203,"column":57}},{"start":{},"end":{}}],"line":203},"25":{"loc":{"start":{"line":203,"column":24},"end":{"line":203,"column":43}},"type":"binary-expr","locations":[{"start":{"line":203,"column":24},"end":{"line":203,"column":30}},{"start":{"line":203,"column":34},"end":{"line":203,"column":43}}],"line":203},"26":{"loc":{"start":{"line":204,"column":27},"end":{"line":204,"column":82}},"type":"binary-expr","locations":[{"start":{"line":204,"column":27},"end":{"line":204,"column":74}},{"start":{"line":204,"column":78},"end":{"line":204,"column":82}}],"line":204},"27":{"loc":{"start":{"line":208,"column":20},"end":{"line":208,"column":65}},"type":"if","locations":[{"start":{"line":208,"column":20},"end":{"line":208,"column":65}},{"start":{},"end":{}}],"line":208},"28":{"loc":{"start":{"line":211,"column":27},"end":{"line":211,"column":90}},"type":"binary-expr","locations":[{"start":{"line":211,"column":27},"end":{"line":211,"column":36}},{"start":{"line":211,"column":40},"end":{"line":211,"column":47}},{"start":{"line":211,"column":51},"end":{"line":211,"column":90}}],"line":211},"29":{"loc":{"start":{"line":215,"column":20},"end":{"line":215,"column":58}},"type":"if","locations":[{"start":{"line":215,"column":20},"end":{"line":215,"column":58}},{"start":{},"end":{}}],"line":215},"30":{"loc":{"start":{"line":215,"column":24},"end":{"line":215,"column":43}},"type":"binary-expr","locations":[{"start":{"line":215,"column":24},"end":{"line":215,"column":30}},{"start":{"line":215,"column":34},"end":{"line":215,"column":43}}],"line":215},"31":{"loc":{"start":{"line":217,"column":27},"end":{"line":217,"column":54}},"type":"binary-expr","locations":[{"start":{"line":217,"column":27},"end":{"line":217,"column":33}},{"start":{"line":217,"column":37},"end":{"line":217,"column":54}}],"line":217},"32":{"loc":{"start":{"line":221,"column":20},"end":{"line":221,"column":55}},"type":"if","locations":[{"start":{"line":221,"column":20},"end":{"line":221,"column":55}},{"start":{},"end":{}}],"line":221},"33":{"loc":{"start":{"line":221,"column":24},"end":{"line":221,"column":43}},"type":"binary-expr","locations":[{"start":{"line":221,"column":24},"end":{"line":221,"column":30}},{"start":{"line":221,"column":34},"end":{"line":221,"column":43}}],"line":221},"34":{"loc":{"start":{"line":222,"column":27},"end":{"line":222,"column":84}},"type":"binary-expr","locations":[{"start":{"line":222,"column":27},"end":{"line":222,"column":78}},{"start":{"line":222,"column":82},"end":{"line":222,"column":84}}],"line":222},"35":{"loc":{"start":{"line":226,"column":39},"end":{"line":226,"column":86}},"type":"binary-expr","locations":[{"start":{"line":226,"column":39},"end":{"line":226,"column":80}},{"start":{"line":226,"column":84},"end":{"line":226,"column":86}}],"line":226},"36":{"loc":{"start":{"line":230,"column":20},"end":{"line":232,"column":21}},"type":"if","locations":[{"start":{"line":230,"column":20},"end":{"line":232,"column":21}},{"start":{},"end":{}}],"line":230},"37":{"loc":{"start":{"line":233,"column":20},"end":{"line":235,"column":21}},"type":"if","locations":[{"start":{"line":233,"column":20},"end":{"line":235,"column":21}},{"start":{},"end":{}}],"line":233},"38":{"loc":{"start":{"line":236,"column":20},"end":{"line":238,"column":21}},"type":"if","locations":[{"start":{"line":236,"column":20},"end":{"line":238,"column":21}},{"start":{},"end":{}}],"line":236},"39":{"loc":{"start":{"line":248,"column":20},"end":{"line":248,"column":92}},"type":"if","locations":[{"start":{"line":248,"column":20},"end":{"line":248,"column":92}},{"start":{},"end":{}}],"line":248},"40":{"loc":{"start":{"line":250,"column":35},"end":{"line":250,"column":58}},"type":"binary-expr","locations":[{"start":{"line":250,"column":35},"end":{"line":250,"column":40}},{"start":{"line":250,"column":44},"end":{"line":250,"column":58}}],"line":250},"41":{"loc":{"start":{"line":251,"column":20},"end":{"line":258,"column":21}},"type":"if","locations":[{"start":{"line":251,"column":20},"end":{"line":258,"column":21}},{"start":{},"end":{}}],"line":251},"42":{"loc":{"start":{"line":251,"column":24},"end":{"line":251,"column":55}},"type":"binary-expr","locations":[{"start":{"line":251,"column":24},"end":{"line":251,"column":32}},{"start":{"line":251,"column":36},"end":{"line":251,"column":55}}],"line":251},"43":{"loc":{"start":{"line":255,"column":31},"end":{"line":257,"column":108}},"type":"cond-expr","locations":[{"start":{"line":256,"column":30},"end":{"line":256,"column":102}},{"start":{"line":257,"column":30},"end":{"line":257,"column":108}}],"line":255},"44":{"loc":{"start":{"line":260,"column":20},"end":{"line":262,"column":21}},"type":"if","locations":[{"start":{"line":260,"column":20},"end":{"line":262,"column":21}},{"start":{},"end":{}}],"line":260},"45":{"loc":{"start":{"line":260,"column":24},"end":{"line":260,"column":83}},"type":"binary-expr","locations":[{"start":{"line":260,"column":24},"end":{"line":260,"column":30}},{"start":{"line":260,"column":34},"end":{"line":260,"column":54}},{"start":{"line":260,"column":58},"end":{"line":260,"column":83}}],"line":260},"46":{"loc":{"start":{"line":264,"column":32},"end":{"line":264,"column":95}},"type":"binary-expr","locations":[{"start":{"line":264,"column":32},"end":{"line":264,"column":43}},{"start":{"line":264,"column":47},"end":{"line":264,"column":95}}],"line":264},"47":{"loc":{"start":{"line":265,"column":32},"end":{"line":265,"column":95}},"type":"binary-expr","locations":[{"start":{"line":265,"column":32},"end":{"line":265,"column":43}},{"start":{"line":265,"column":47},"end":{"line":265,"column":95}}],"line":265},"48":{"loc":{"start":{"line":266,"column":27},"end":{"line":268,"column":104}},"type":"cond-expr","locations":[{"start":{"line":267,"column":26},"end":{"line":267,"column":98}},{"start":{"line":268,"column":26},"end":{"line":268,"column":104}}],"line":266},"49":{"loc":{"start":{"line":266,"column":28},"end":{"line":266,"column":42}},"type":"binary-expr","locations":[{"start":{"line":266,"column":28},"end":{"line":266,"column":33}},{"start":{"line":266,"column":37},"end":{"line":266,"column":42}}],"line":266},"50":{"loc":{"start":{"line":274,"column":20},"end":{"line":274,"column":94}},"type":"if","locations":[{"start":{"line":274,"column":20},"end":{"line":274,"column":94}},{"start":{},"end":{}}],"line":274},"51":{"loc":{"start":{"line":274,"column":24},"end":{"line":274,"column":80}},"type":"binary-expr","locations":[{"start":{"line":274,"column":24},"end":{"line":274,"column":30}},{"start":{"line":274,"column":34},"end":{"line":274,"column":49}},{"start":{"line":274,"column":53},"end":{"line":274,"column":80}}],"line":274},"52":{"loc":{"start":{"line":276,"column":20},"end":{"line":276,"column":50}},"type":"if","locations":[{"start":{"line":276,"column":20},"end":{"line":276,"column":50}},{"start":{},"end":{}}],"line":276},"53":{"loc":{"start":{"line":278,"column":24},"end":{"line":280,"column":25}},"type":"if","locations":[{"start":{"line":278,"column":24},"end":{"line":280,"column":25}},{"start":{},"end":{}}],"line":278},"54":{"loc":{"start":{"line":289,"column":20},"end":{"line":289,"column":42}},"type":"if","locations":[{"start":{"line":289,"column":20},"end":{"line":289,"column":42}},{"start":{},"end":{}}],"line":289},"55":{"loc":{"start":{"line":291,"column":20},"end":{"line":298,"column":21}},"type":"if","locations":[{"start":{"line":291,"column":20},"end":{"line":298,"column":21}},{"start":{},"end":{}}],"line":291},"56":{"loc":{"start":{"line":291,"column":24},"end":{"line":291,"column":55}},"type":"binary-expr","locations":[{"start":{"line":291,"column":24},"end":{"line":291,"column":32}},{"start":{"line":291,"column":36},"end":{"line":291,"column":55}}],"line":291},"57":{"loc":{"start":{"line":292,"column":36},"end":{"line":292,"column":81}},"type":"binary-expr","locations":[{"start":{"line":292,"column":36},"end":{"line":292,"column":66}},{"start":{"line":292,"column":70},"end":{"line":292,"column":81}}],"line":292},"58":{"loc":{"start":{"line":293,"column":37},"end":{"line":293,"column":84}},"type":"binary-expr","locations":[{"start":{"line":293,"column":37},"end":{"line":293,"column":56}},{"start":{"line":293,"column":60},"end":{"line":293,"column":84}}],"line":293},"59":{"loc":{"start":{"line":294,"column":24},"end":{"line":297,"column":25}},"type":"if","locations":[{"start":{"line":294,"column":24},"end":{"line":297,"column":25}},{"start":{},"end":{}}],"line":294},"60":{"loc":{"start":{"line":294,"column":28},"end":{"line":294,"column":48}},"type":"binary-expr","locations":[{"start":{"line":294,"column":28},"end":{"line":294,"column":34}},{"start":{"line":294,"column":38},"end":{"line":294,"column":48}}],"line":294},"61":{"loc":{"start":{"line":295,"column":42},"end":{"line":295,"column":73}},"type":"binary-expr","locations":[{"start":{"line":295,"column":42},"end":{"line":295,"column":52}},{"start":{"line":295,"column":56},"end":{"line":295,"column":73}}],"line":295},"62":{"loc":{"start":{"line":296,"column":49},"end":{"line":296,"column":85}},"type":"cond-expr","locations":[{"start":{"line":296,"column":59},"end":{"line":296,"column":79}},{"start":{"line":296,"column":82},"end":{"line":296,"column":85}}],"line":296},"63":{"loc":{"start":{"line":299,"column":20},"end":{"line":302,"column":21}},"type":"if","locations":[{"start":{"line":299,"column":20},"end":{"line":302,"column":21}},{"start":{},"end":{}}],"line":299},"64":{"loc":{"start":{"line":299,"column":24},"end":{"line":299,"column":103}},"type":"binary-expr","locations":[{"start":{"line":299,"column":24},"end":{"line":299,"column":43}},{"start":{"line":299,"column":47},"end":{"line":299,"column":71}},{"start":{"line":299,"column":75},"end":{"line":299,"column":103}}],"line":299},"65":{"loc":{"start":{"line":301,"column":43},"end":{"line":301,"column":81}},"type":"cond-expr","locations":[{"start":{"line":301,"column":54},"end":{"line":301,"column":75}},{"start":{"line":301,"column":78},"end":{"line":301,"column":81}}],"line":301},"66":{"loc":{"start":{"line":309,"column":20},"end":{"line":309,"column":75}},"type":"if","locations":[{"start":{"line":309,"column":20},"end":{"line":309,"column":75}},{"start":{},"end":{}}],"line":309},"67":{"loc":{"start":{"line":309,"column":24},"end":{"line":309,"column":61}},"type":"binary-expr","locations":[{"start":{"line":309,"column":24},"end":{"line":309,"column":30}},{"start":{"line":309,"column":34},"end":{"line":309,"column":61}}],"line":309},"68":{"loc":{"start":{"line":311,"column":20},"end":{"line":311,"column":79}},"type":"if","locations":[{"start":{"line":311,"column":20},"end":{"line":311,"column":79}},{"start":{},"end":{}}],"line":311},"69":{"loc":{"start":{"line":311,"column":24},"end":{"line":311,"column":65}},"type":"binary-expr","locations":[{"start":{"line":311,"column":24},"end":{"line":311,"column":30}},{"start":{"line":311,"column":34},"end":{"line":311,"column":65}}],"line":311},"70":{"loc":{"start":{"line":318,"column":27},"end":{"line":318,"column":96}},"type":"binary-expr","locations":[{"start":{"line":318,"column":27},"end":{"line":318,"column":62}},{"start":{"line":318,"column":67},"end":{"line":318,"column":72}},{"start":{"line":318,"column":76},"end":{"line":318,"column":89}},{"start":{"line":318,"column":94},"end":{"line":318,"column":96}}],"line":318},"71":{"loc":{"start":{"line":324,"column":20},"end":{"line":324,"column":42}},"type":"if","locations":[{"start":{"line":324,"column":20},"end":{"line":324,"column":42}},{"start":{},"end":{}}],"line":324},"72":{"loc":{"start":{"line":326,"column":20},"end":{"line":328,"column":21}},"type":"if","locations":[{"start":{"line":326,"column":20},"end":{"line":328,"column":21}},{"start":{},"end":{}}],"line":326},"73":{"loc":{"start":{"line":326,"column":24},"end":{"line":326,"column":78}},"type":"binary-expr","locations":[{"start":{"line":326,"column":24},"end":{"line":326,"column":29}},{"start":{"line":326,"column":33},"end":{"line":326,"column":48}},{"start":{"line":326,"column":52},"end":{"line":326,"column":78}}],"line":326},"74":{"loc":{"start":{"line":329,"column":27},"end":{"line":329,"column":48}},"type":"binary-expr","locations":[{"start":{"line":329,"column":27},"end":{"line":329,"column":42}},{"start":{"line":329,"column":46},"end":{"line":329,"column":48}}],"line":329},"75":{"loc":{"start":{"line":337,"column":20},"end":{"line":337,"column":60}},"type":"if","locations":[{"start":{"line":337,"column":20},"end":{"line":337,"column":60}},{"start":{},"end":{}}],"line":337},"76":{"loc":{"start":{"line":338,"column":27},"end":{"line":338,"column":89}},"type":"binary-expr","locations":[{"start":{"line":338,"column":27},"end":{"line":338,"column":66}},{"start":{"line":338,"column":70},"end":{"line":338,"column":89}}],"line":338},"77":{"loc":{"start":{"line":342,"column":20},"end":{"line":342,"column":45}},"type":"if","locations":[{"start":{"line":342,"column":20},"end":{"line":342,"column":45}},{"start":{},"end":{}}],"line":342},"78":{"loc":{"start":{"line":348,"column":20},"end":{"line":348,"column":52}},"type":"if","locations":[{"start":{"line":348,"column":20},"end":{"line":348,"column":52}},{"start":{},"end":{}}],"line":348},"79":{"loc":{"start":{"line":350,"column":27},"end":{"line":350,"column":93}},"type":"cond-expr","locations":[{"start":{"line":350,"column":71},"end":{"line":350,"column":81}},{"start":{"line":350,"column":84},"end":{"line":350,"column":93}}],"line":350},"80":{"loc":{"start":{"line":356,"column":20},"end":{"line":356,"column":76}},"type":"if","locations":[{"start":{"line":356,"column":20},"end":{"line":356,"column":76}},{"start":{},"end":{}}],"line":356},"81":{"loc":{"start":{"line":356,"column":24},"end":{"line":356,"column":60}},"type":"binary-expr","locations":[{"start":{"line":356,"column":24},"end":{"line":356,"column":34}},{"start":{"line":356,"column":38},"end":{"line":356,"column":60}}],"line":356},"82":{"loc":{"start":{"line":359,"column":24},"end":{"line":359,"column":52}},"type":"if","locations":[{"start":{"line":359,"column":24},"end":{"line":359,"column":52}},{"start":{},"end":{}}],"line":359},"83":{"loc":{"start":{"line":360,"column":35},"end":{"line":360,"column":66}},"type":"binary-expr","locations":[{"start":{"line":360,"column":35},"end":{"line":360,"column":60}},{"start":{"line":360,"column":64},"end":{"line":360,"column":66}}],"line":360},"84":{"loc":{"start":{"line":361,"column":24},"end":{"line":367,"column":25}},"type":"if","locations":[{"start":{"line":361,"column":24},"end":{"line":367,"column":25}},{"start":{"line":363,"column":31},"end":{"line":367,"column":25}}],"line":361},"85":{"loc":{"start":{"line":361,"column":28},"end":{"line":361,"column":86}},"type":"binary-expr","locations":[{"start":{"line":361,"column":28},"end":{"line":361,"column":51}},{"start":{"line":361,"column":55},"end":{"line":361,"column":86}}],"line":361},"86":{"loc":{"start":{"line":363,"column":31},"end":{"line":367,"column":25}},"type":"if","locations":[{"start":{"line":363,"column":31},"end":{"line":367,"column":25}},{"start":{"line":365,"column":31},"end":{"line":367,"column":25}}],"line":363},"87":{"loc":{"start":{"line":363,"column":35},"end":{"line":363,"column":86}},"type":"binary-expr","locations":[{"start":{"line":363,"column":35},"end":{"line":363,"column":59}},{"start":{"line":363,"column":63},"end":{"line":363,"column":86}}],"line":363},"88":{"loc":{"start":{"line":373,"column":20},"end":{"line":373,"column":90}},"type":"if","locations":[{"start":{"line":373,"column":20},"end":{"line":373,"column":90}},{"start":{},"end":{}}],"line":373},"89":{"loc":{"start":{"line":373,"column":24},"end":{"line":373,"column":76}},"type":"binary-expr","locations":[{"start":{"line":373,"column":24},"end":{"line":373,"column":30}},{"start":{"line":373,"column":34},"end":{"line":373,"column":51}},{"start":{"line":373,"column":55},"end":{"line":373,"column":76}}],"line":373},"90":{"loc":{"start":{"line":375,"column":27},"end":{"line":375,"column":96}},"type":"cond-expr","locations":[{"start":{"line":375,"column":35},"end":{"line":375,"column":89}},{"start":{"line":375,"column":92},"end":{"line":375,"column":96}}],"line":375},"91":{"loc":{"start":{"line":379,"column":20},"end":{"line":379,"column":90}},"type":"if","locations":[{"start":{"line":379,"column":20},"end":{"line":379,"column":90}},{"start":{},"end":{}}],"line":379},"92":{"loc":{"start":{"line":379,"column":24},"end":{"line":379,"column":76}},"type":"binary-expr","locations":[{"start":{"line":379,"column":24},"end":{"line":379,"column":30}},{"start":{"line":379,"column":34},"end":{"line":379,"column":51}},{"start":{"line":379,"column":55},"end":{"line":379,"column":76}}],"line":379},"93":{"loc":{"start":{"line":384,"column":20},"end":{"line":384,"column":90}},"type":"if","locations":[{"start":{"line":384,"column":20},"end":{"line":384,"column":90}},{"start":{},"end":{}}],"line":384},"94":{"loc":{"start":{"line":384,"column":24},"end":{"line":384,"column":76}},"type":"binary-expr","locations":[{"start":{"line":384,"column":24},"end":{"line":384,"column":30}},{"start":{"line":384,"column":34},"end":{"line":384,"column":51}},{"start":{"line":384,"column":55},"end":{"line":384,"column":76}}],"line":384},"95":{"loc":{"start":{"line":395,"column":24},"end":{"line":395,"column":79}},"type":"if","locations":[{"start":{"line":395,"column":24},"end":{"line":395,"column":79}},{"start":{},"end":{}}],"line":395},"96":{"loc":{"start":{"line":403,"column":20},"end":{"line":410,"column":21}},"type":"switch","locations":[{"start":{"line":404,"column":24},"end":{"line":405,"column":106}},{"start":{"line":406,"column":24},"end":{"line":407,"column":106}},{"start":{"line":408,"column":24},"end":{"line":409,"column":106}}],"line":403},"97":{"loc":{"start":{"line":405,"column":61},"end":{"line":405,"column":73}},"type":"binary-expr","locations":[{"start":{"line":405,"column":61},"end":{"line":405,"column":67}},{"start":{"line":405,"column":71},"end":{"line":405,"column":73}}],"line":405},"98":{"loc":{"start":{"line":405,"column":89},"end":{"line":405,"column":101}},"type":"binary-expr","locations":[{"start":{"line":405,"column":89},"end":{"line":405,"column":95}},{"start":{"line":405,"column":99},"end":{"line":405,"column":101}}],"line":405},"99":{"loc":{"start":{"line":407,"column":61},"end":{"line":407,"column":73}},"type":"binary-expr","locations":[{"start":{"line":407,"column":61},"end":{"line":407,"column":67}},{"start":{"line":407,"column":71},"end":{"line":407,"column":73}}],"line":407},"100":{"loc":{"start":{"line":407,"column":89},"end":{"line":407,"column":101}},"type":"binary-expr","locations":[{"start":{"line":407,"column":89},"end":{"line":407,"column":95}},{"start":{"line":407,"column":99},"end":{"line":407,"column":101}}],"line":407},"101":{"loc":{"start":{"line":409,"column":61},"end":{"line":409,"column":73}},"type":"binary-expr","locations":[{"start":{"line":409,"column":61},"end":{"line":409,"column":67}},{"start":{"line":409,"column":71},"end":{"line":409,"column":73}}],"line":409},"102":{"loc":{"start":{"line":409,"column":89},"end":{"line":409,"column":101}},"type":"binary-expr","locations":[{"start":{"line":409,"column":89},"end":{"line":409,"column":95}},{"start":{"line":409,"column":99},"end":{"line":409,"column":101}}],"line":409},"103":{"loc":{"start":{"line":418,"column":33},"end":{"line":418,"column":58}},"type":"binary-expr","locations":[{"start":{"line":418,"column":33},"end":{"line":418,"column":52}},{"start":{"line":418,"column":56},"end":{"line":418,"column":58}}],"line":418},"104":{"loc":{"start":{"line":419,"column":20},"end":{"line":425,"column":21}},"type":"if","locations":[{"start":{"line":419,"column":20},"end":{"line":425,"column":21}},{"start":{},"end":{}}],"line":419},"105":{"loc":{"start":{"line":421,"column":44},"end":{"line":421,"column":102}},"type":"binary-expr","locations":[{"start":{"line":421,"column":44},"end":{"line":421,"column":54}},{"start":{"line":421,"column":58},"end":{"line":421,"column":102}}],"line":421},"106":{"loc":{"start":{"line":422,"column":44},"end":{"line":422,"column":116}},"type":"binary-expr","locations":[{"start":{"line":422,"column":44},"end":{"line":422,"column":61}},{"start":{"line":422,"column":65},"end":{"line":422,"column":116}}],"line":422},"107":{"loc":{"start":{"line":423,"column":35},"end":{"line":423,"column":57}},"type":"binary-expr","locations":[{"start":{"line":423,"column":35},"end":{"line":423,"column":44}},{"start":{"line":423,"column":48},"end":{"line":423,"column":57}}],"line":423},"108":{"loc":{"start":{"line":428,"column":36},"end":{"line":428,"column":64}},"type":"binary-expr","locations":[{"start":{"line":428,"column":36},"end":{"line":428,"column":58}},{"start":{"line":428,"column":62},"end":{"line":428,"column":64}}],"line":428},"109":{"loc":{"start":{"line":429,"column":20},"end":{"line":433,"column":21}},"type":"if","locations":[{"start":{"line":429,"column":20},"end":{"line":433,"column":21}},{"start":{},"end":{}}],"line":429},"110":{"loc":{"start":{"line":431,"column":35},"end":{"line":431,"column":94}},"type":"binary-expr","locations":[{"start":{"line":431,"column":35},"end":{"line":431,"column":49}},{"start":{"line":431,"column":53},"end":{"line":431,"column":94}}],"line":431},"111":{"loc":{"start":{"line":436,"column":20},"end":{"line":446,"column":21}},"type":"if","locations":[{"start":{"line":436,"column":20},"end":{"line":446,"column":21}},{"start":{"line":438,"column":27},"end":{"line":446,"column":21}}],"line":436},"112":{"loc":{"start":{"line":438,"column":27},"end":{"line":446,"column":21}},"type":"if","locations":[{"start":{"line":438,"column":27},"end":{"line":446,"column":21}},{"start":{"line":440,"column":27},"end":{"line":446,"column":21}}],"line":438},"113":{"loc":{"start":{"line":440,"column":27},"end":{"line":446,"column":21}},"type":"if","locations":[{"start":{"line":440,"column":27},"end":{"line":446,"column":21}},{"start":{"line":442,"column":27},"end":{"line":446,"column":21}}],"line":440},"114":{"loc":{"start":{"line":442,"column":27},"end":{"line":446,"column":21}},"type":"if","locations":[{"start":{"line":442,"column":27},"end":{"line":446,"column":21}},{"start":{},"end":{}}],"line":442},"115":{"loc":{"start":{"line":495,"column":20},"end":{"line":505,"column":21}},"type":"if","locations":[{"start":{"line":495,"column":20},"end":{"line":505,"column":21}},{"start":{"line":498,"column":27},"end":{"line":505,"column":21}}],"line":495},"116":{"loc":{"start":{"line":495,"column":24},"end":{"line":495,"column":54}},"type":"binary-expr","locations":[{"start":{"line":495,"column":24},"end":{"line":495,"column":39}},{"start":{"line":495,"column":43},"end":{"line":495,"column":54}}],"line":495},"117":{"loc":{"start":{"line":498,"column":27},"end":{"line":505,"column":21}},"type":"if","locations":[{"start":{"line":498,"column":27},"end":{"line":505,"column":21}},{"start":{},"end":{}}],"line":498},"118":{"loc":{"start":{"line":498,"column":31},"end":{"line":498,"column":71}},"type":"binary-expr","locations":[{"start":{"line":498,"column":31},"end":{"line":498,"column":50}},{"start":{"line":498,"column":54},"end":{"line":498,"column":71}}],"line":498},"119":{"loc":{"start":{"line":500,"column":40},"end":{"line":500,"column":83}},"type":"cond-expr","locations":[{"start":{"line":500,"column":62},"end":{"line":500,"column":71}},{"start":{"line":500,"column":74},"end":{"line":500,"column":83}}],"line":500},"120":{"loc":{"start":{"line":501,"column":24},"end":{"line":504,"column":25}},"type":"if","locations":[{"start":{"line":501,"column":24},"end":{"line":504,"column":25}},{"start":{},"end":{}}],"line":501},"121":{"loc":{"start":{"line":501,"column":28},"end":{"line":501,"column":78}},"type":"binary-expr","locations":[{"start":{"line":501,"column":28},"end":{"line":501,"column":42}},{"start":{"line":501,"column":46},"end":{"line":501,"column":78}}],"line":501},"122":{"loc":{"start":{"line":503,"column":28},"end":{"line":503,"column":75}},"type":"if","locations":[{"start":{"line":503,"column":28},"end":{"line":503,"column":75}},{"start":{},"end":{}}],"line":503},"123":{"loc":{"start":{"line":513,"column":34},"end":{"line":513,"column":106}},"type":"binary-expr","locations":[{"start":{"line":513,"column":34},"end":{"line":513,"column":56}},{"start":{"line":513,"column":60},"end":{"line":513,"column":106}}],"line":513},"124":{"loc":{"start":{"line":518,"column":20},"end":{"line":520,"column":21}},"type":"if","locations":[{"start":{"line":518,"column":20},"end":{"line":520,"column":21}},{"start":{},"end":{}}],"line":518},"125":{"loc":{"start":{"line":561,"column":20},"end":{"line":573,"column":21}},"type":"if","locations":[{"start":{"line":561,"column":20},"end":{"line":573,"column":21}},{"start":{"line":571,"column":27},"end":{"line":573,"column":21}}],"line":561},"126":{"loc":{"start":{"line":621,"column":20},"end":{"line":631,"column":21}},"type":"if","locations":[{"start":{"line":621,"column":20},"end":{"line":631,"column":21}},{"start":{},"end":{}}],"line":621},"127":{"loc":{"start":{"line":621,"column":24},"end":{"line":621,"column":87}},"type":"binary-expr","locations":[{"start":{"line":621,"column":24},"end":{"line":621,"column":34}},{"start":{"line":621,"column":38},"end":{"line":621,"column":55}},{"start":{"line":621,"column":59},"end":{"line":621,"column":87}}],"line":621},"128":{"loc":{"start":{"line":623,"column":50},"end":{"line":623,"column":89}},"type":"binary-expr","locations":[{"start":{"line":623,"column":50},"end":{"line":623,"column":74}},{"start":{"line":623,"column":78},"end":{"line":623,"column":89}}],"line":623},"129":{"loc":{"start":{"line":627,"column":40},"end":{"line":627,"column":92}},"type":"cond-expr","locations":[{"start":{"line":627,"column":74},"end":{"line":627,"column":85}},{"start":{"line":627,"column":88},"end":{"line":627,"column":92}}],"line":627},"130":{"loc":{"start":{"line":639,"column":31},"end":{"line":639,"column":76}},"type":"binary-expr","locations":[{"start":{"line":639,"column":31},"end":{"line":639,"column":53}},{"start":{"line":639,"column":57},"end":{"line":639,"column":64}},{"start":{"line":639,"column":68},"end":{"line":639,"column":76}}],"line":639},"131":{"loc":{"start":{"line":667,"column":27},"end":{"line":667,"column":109}},"type":"binary-expr","locations":[{"start":{"line":667,"column":27},"end":{"line":667,"column":53}},{"start":{"line":667,"column":57},"end":{"line":667,"column":75}},{"start":{"line":667,"column":79},"end":{"line":667,"column":109}}],"line":667},"132":{"loc":{"start":{"line":671,"column":27},"end":{"line":671,"column":106}},"type":"binary-expr","locations":[{"start":{"line":671,"column":27},"end":{"line":671,"column":50}},{"start":{"line":671,"column":54},"end":{"line":671,"column":72}},{"start":{"line":671,"column":76},"end":{"line":671,"column":106}}],"line":671},"133":{"loc":{"start":{"line":675,"column":27},"end":{"line":675,"column":108}},"type":"binary-expr","locations":[{"start":{"line":675,"column":27},"end":{"line":675,"column":52}},{"start":{"line":675,"column":56},"end":{"line":675,"column":74}},{"start":{"line":675,"column":78},"end":{"line":675,"column":108}}],"line":675},"134":{"loc":{"start":{"line":679,"column":27},"end":{"line":679,"column":112}},"type":"binary-expr","locations":[{"start":{"line":679,"column":27},"end":{"line":679,"column":56}},{"start":{"line":679,"column":60},"end":{"line":679,"column":78}},{"start":{"line":679,"column":82},"end":{"line":679,"column":112}}],"line":679},"135":{"loc":{"start":{"line":684,"column":20},"end":{"line":688,"column":21}},"type":"if","locations":[{"start":{"line":684,"column":20},"end":{"line":688,"column":21}},{"start":{},"end":{}}],"line":684},"136":{"loc":{"start":{"line":684,"column":24},"end":{"line":684,"column":108}},"type":"binary-expr","locations":[{"start":{"line":684,"column":24},"end":{"line":684,"column":50}},{"start":{"line":684,"column":54},"end":{"line":684,"column":66}},{"start":{"line":684,"column":70},"end":{"line":684,"column":108}}],"line":684}},"s":{"0":1,"1":1,"2":1,"3":1,"4":82,"5":0,"6":82,"7":41,"8":0,"9":41,"10":41,"11":41,"12":41,"13":41,"14":65,"15":65,"16":65,"17":13,"18":52,"19":25,"20":3,"21":15,"22":0,"23":15,"24":15,"25":1,"26":14,"27":5,"28":9,"29":1,"30":8,"31":1,"32":2,"33":6,"34":2,"35":2,"36":0,"37":2,"38":2,"39":0,"40":2,"41":2,"42":1,"43":2,"44":2,"45":0,"46":0,"47":0,"48":0,"49":1,"50":76,"51":76,"52":76,"53":76,"54":76,"55":76,"56":76,"57":76,"58":76,"59":76,"60":76,"61":76,"62":76,"63":76,"64":76,"65":76,"66":76,"67":76,"68":76,"69":76,"70":21,"71":76,"72":0,"73":76,"74":0,"75":76,"76":18,"77":76,"78":6,"79":0,"80":6,"81":76,"82":8,"83":2,"84":6,"85":6,"86":6,"87":76,"88":3,"89":0,"90":3,"91":3,"92":76,"93":0,"94":0,"95":0,"96":76,"97":0,"98":76,"99":0,"100":0,"101":0,"102":0,"103":0,"104":0,"105":0,"106":76,"107":21,"108":21,"109":8,"110":13,"111":13,"112":9,"113":9,"114":9,"115":4,"116":1,"117":3,"118":3,"119":3,"120":3,"121":76,"122":12,"123":6,"124":6,"125":6,"126":1,"127":5,"128":5,"129":6,"130":4,"131":1,"132":76,"133":0,"134":0,"135":0,"136":0,"137":0,"138":0,"139":0,"140":0,"141":0,"142":0,"143":0,"144":0,"145":0,"146":76,"147":10,"148":8,"149":2,"150":2,"151":1,"152":1,"153":76,"154":10,"155":76,"156":5,"157":0,"158":5,"159":5,"160":0,"161":5,"162":76,"163":0,"164":0,"165":0,"166":76,"167":2,"168":0,"169":2,"170":2,"171":76,"172":0,"173":0,"174":0,"175":0,"176":76,"177":0,"178":0,"179":0,"180":0,"181":0,"182":0,"183":0,"184":0,"185":0,"186":0,"187":0,"188":0,"189":0,"190":0,"191":76,"192":0,"193":0,"194":0,"195":0,"196":76,"197":0,"198":0,"199":0,"200":76,"201":0,"202":0,"203":0,"204":78,"205":78,"206":3,"207":3,"208":78,"209":2,"210":170,"211":0,"212":0,"213":0,"214":0,"215":170,"216":9,"217":76,"218":170,"219":170,"220":170,"221":170,"222":3,"223":9,"224":9,"225":9,"226":170,"227":170,"228":1,"229":3,"230":170,"231":1,"232":169,"233":0,"234":169,"235":0,"236":169,"237":1,"238":3,"239":170,"240":170,"241":170,"242":76,"243":0,"244":0,"245":76,"246":0,"247":0,"248":76,"249":0,"250":76,"251":0,"252":0,"253":76,"254":0,"255":76,"256":0,"257":0,"258":76,"259":0,"260":76,"261":0,"262":0,"263":0,"264":0,"265":0,"266":0,"267":0,"268":0,"269":0,"270":0,"271":0,"272":76,"273":0,"274":0,"275":0,"276":0,"277":0,"278":0,"279":0,"280":0,"281":0,"282":0,"283":0,"284":0,"285":0,"286":76,"287":80,"288":80,"289":80,"290":80,"291":78,"292":78,"293":78,"294":78,"295":2,"296":2,"297":80,"298":80,"299":2,"300":1,"301":1,"302":1,"303":1,"304":78,"305":76,"306":81,"307":81,"308":79,"309":79,"310":79,"311":2,"312":81,"313":76,"314":1,"315":1,"316":0,"317":76,"318":5,"319":3,"320":3,"321":3,"322":3,"323":2,"324":5,"325":4,"326":17,"327":17,"328":17,"329":17,"330":17,"331":6,"332":6,"333":6,"334":6,"335":5,"336":11,"337":76,"338":4,"339":76,"340":4,"341":76,"342":3,"343":76,"344":3,"345":76,"346":10,"347":10,"348":2,"349":2,"350":2,"351":8,"352":8,"353":76,"354":3,"355":3,"356":76,"357":1,"358":1,"359":76,"360":3,"361":3,"362":76,"363":0,"364":0,"365":0,"366":76,"367":1,"368":1,"369":76,"370":1,"371":1,"372":76,"373":1,"374":1,"375":1,"376":76,"377":1,"378":1,"379":76,"380":2,"381":2,"382":2,"383":2,"384":2,"385":76,"386":76},"f":{"0":1,"1":82,"2":41,"3":15,"4":6,"5":2,"6":2,"7":2,"8":0,"9":2,"10":2,"11":0,"12":2,"13":2,"14":0,"15":0,"16":0,"17":0,"18":76,"19":21,"20":0,"21":0,"22":18,"23":6,"24":8,"25":3,"26":0,"27":0,"28":0,"29":21,"30":9,"31":12,"32":0,"33":10,"34":10,"35":5,"36":0,"37":2,"38":2,"39":0,"40":0,"41":0,"42":0,"43":0,"44":0,"45":78,"46":3,"47":2,"48":170,"49":0,"50":0,"51":9,"52":170,"53":9,"54":3,"55":3,"56":0,"57":0,"58":0,"59":0,"60":0,"61":0,"62":0,"63":0,"64":0,"65":0,"66":0,"67":0,"68":80,"69":80,"70":78,"71":2,"72":80,"73":1,"74":1,"75":81,"76":79,"77":2,"78":81,"79":1,"80":1,"81":0,"82":5,"83":3,"84":5,"85":4,"86":17,"87":6,"88":6,"89":5,"90":11,"91":4,"92":4,"93":3,"94":3,"95":10,"96":8,"97":3,"98":3,"99":1,"100":1,"101":3,"102":3,"103":0,"104":1,"105":1,"106":1,"107":1,"108":2,"109":2},"b":{"0":[0,82],"1":[0,41],"2":[41,41],"3":[65,6],"4":[65,15],"5":[13,52],"6":[25,27],"7":[0,15],"8":[15,15,15],"9":[1,14],"10":[15,15],"11":[5,9],"12":[14,13],"13":[1,8],"14":[9,1],"15":[2,1],"16":[2,1],"17":[2,1],"18":[2,1],"19":[2,1],"20":[2,0],"21":[1,1],"22":[0,0],"23":[18,18,18],"24":[0,6],"25":[6,6],"26":[6,0],"27":[2,6],"28":[6,6,6],"29":[0,3],"30":[3,3],"31":[3,2],"32":[0,0],"33":[0,0],"34":[0,0],"35":[0,0],"36":[0,0],"37":[0,0],"38":[0,0],"39":[8,13],"40":[13,13],"41":[9,4],"42":[13,13],"43":[4,5],"44":[1,3],"45":[4,4,3],"46":[3,3],"47":[3,3],"48":[1,2],"49":[3,2],"50":[6,6],"51":[12,12,7],"52":[1,5],"53":[4,2],"54":[0,0],"55":[0,0],"56":[0,0],"57":[0,0],"58":[0,0],"59":[0,0],"60":[0,0],"61":[0,0],"62":[0,0],"63":[0,0],"64":[0,0,0],"65":[0,0],"66":[8,2],"67":[10,9],"68":[1,1],"69":[2,2],"70":[10,9,8,1],"71":[0,5],"72":[0,5],"73":[5,0,0],"74":[5,0],"75":[0,0],"76":[0,0],"77":[0,2],"78":[0,0],"79":[0,0],"80":[0,0],"81":[0,0],"82":[0,0],"83":[0,0],"84":[0,0],"85":[0,0],"86":[0,0],"87":[0,0],"88":[0,0],"89":[0,0,0],"90":[0,0],"91":[0,0],"92":[0,0,0],"93":[0,0],"94":[0,0,0],"95":[3,0],"96":[0,0,170],"97":[0,0],"98":[0,0],"99":[0,0],"100":[0,0],"101":[9,0],"102":[9,0],"103":[170,167],"104":[3,167],"105":[9,9],"106":[9,9],"107":[9,6],"108":[170,169],"109":[1,169],"110":[3,3],"111":[1,169],"112":[0,169],"113":[0,169],"114":[1,168],"115":[0,0],"116":[0,0],"117":[0,0],"118":[0,0],"119":[0,0],"120":[0,0],"121":[0,0],"122":[0,0],"123":[0,0],"124":[0,0],"125":[2,78],"126":[3,2],"127":[5,3,3],"128":[3,1],"129":[2,1],"130":[4,4,4],"131":[4,3,2],"132":[4,2,1],"133":[3,2,1],"134":[3,2,1],"135":[2,8],"136":[10,3,3]},"_coverageSchema":"1a1c01bbd47fc00a2c39e90264f33305004495a9","hash":"f3288c27e94e284cb133d604b054c6e4af8665ed"}
}
