TN:
SF:marketplace-essentials/src/main/resources/META-INF/resources/tool/forgeMarketplace/forgeMarketplace.js
FN:17,(anonymous_0)
FN:38,parseVersion
FN:43,compareVersions
FN:59,isEpochCompatible
FN:73,(anonymous_4)
FN:75,mapProjectContext
FN:85,(anonymous_6)
FN:87,(anonymous_7)
FN:92,(anonymous_8)
FN:96,(anonymous_9)
FN:98,(anonymous_10)
FN:103,(anonymous_11)
FN:107,(anonymous_12)
FN:112,(anonymous_13)
FN:117,(anonymous_14)
FN:119,(anonymous_15)
FN:124,(anonymous_16)
FN:126,(anonymous_17)
FN:140,(anonymous_18)
FN:181,(anonymous_19)
FN:185,(anonymous_20)
FN:189,(anonymous_21)
FN:197,(anonymous_22)
FN:202,(anonymous_23)
FN:207,(anonymous_24)
FN:214,(anonymous_25)
FN:220,(anonymous_26)
FN:225,(anonymous_27)
FN:229,(anonymous_28)
FN:246,(anonymous_29)
FN:252,(anonymous_30)
FN:273,(anonymous_31)
FN:288,(anonymous_32)
FN:308,(anonymous_33)
FN:317,(anonymous_34)
FN:323,(anonymous_35)
FN:336,(anonymous_36)
FN:341,(anonymous_37)
FN:344,(anonymous_38)
FN:347,(anonymous_39)
FN:353,(anonymous_40)
FN:358,(anonymous_41)
FN:372,(anonymous_42)
FN:378,(anonymous_43)
FN:383,(anonymous_44)
FN:392,extractCategories
FN:394,(anonymous_46)
FN:397,(anonymous_47)
FN:402,getSortComparator
FN:405,(anonymous_49)
FN:407,(anonymous_50)
FN:409,(anonymous_51)
FN:413,(anonymous_52)
FN:420,(anonymous_53)
FN:430,(anonymous_54)
FN:443,(anonymous_55)
FN:453,(anonymous_56)
FN:458,(anonymous_57)
FN:463,(anonymous_58)
FN:467,(anonymous_59)
FN:472,(anonymous_60)
FN:480,(anonymous_61)
FN:485,(anonymous_62)
FN:493,(anonymous_63)
FN:512,(anonymous_64)
FN:524,(anonymous_65)
FN:527,(anonymous_66)
FN:531,(anonymous_67)
FN:540,(anonymous_68)
FN:544,(anonymous_69)
FN:546,(anonymous_70)
FN:552,(anonymous_71)
FN:556,(anonymous_72)
FN:563,(anonymous_73)
FN:567,(anonymous_74)
FN:576,(anonymous_75)
FN:579,(anonymous_76)
FN:585,(anonymous_77)
FN:588,(anonymous_78)
FN:593,(anonymous_79)
FN:595,(anonymous_80)
FN:598,(anonymous_81)
FN:620,formatInstallError
FN:622,(anonymous_83)
FN:637,hasInstallableArtifacts
FN:638,(anonymous_85)
FN:643,performInstallOperation
FN:650,(anonymous_87)
FN:654,(anonymous_88)
FN:658,(anonymous_89)
FN:661,(anonymous_90)
FN:666,(anonymous_91)
FN:670,(anonymous_92)
FN:674,(anonymous_93)
FN:678,(anonymous_94)
FN:682,(anonymous_95)
FN:689,(anonymous_96)
FN:694,(anonymous_97)
FN:695,(anonymous_98)
FN:700,(anonymous_99)
FN:701,(anonymous_100)
FN:706,(anonymous_101)
FN:707,(anonymous_102)
FN:712,(anonymous_103)
FN:722,(anonymous_104)
FN:727,(anonymous_105)
FN:732,(anonymous_106)
FN:738,(anonymous_107)
FN:743,(anonymous_108)
FN:747,(anonymous_109)
FNF:110
FNH:75
FNDA:1,(anonymous_0)
FNDA:82,parseVersion
FNDA:41,compareVersions
FNDA:15,isEpochCompatible
FNDA:6,(anonymous_4)
FNDA:2,mapProjectContext
FNDA:2,(anonymous_6)
FNDA:2,(anonymous_7)
FNDA:0,(anonymous_8)
FNDA:2,(anonymous_9)
FNDA:2,(anonymous_10)
FNDA:0,(anonymous_11)
FNDA:2,(anonymous_12)
FNDA:2,(anonymous_13)
FNDA:0,(anonymous_14)
FNDA:0,(anonymous_15)
FNDA:0,(anonymous_16)
FNDA:0,(anonymous_17)
FNDA:76,(anonymous_18)
FNDA:21,(anonymous_19)
FNDA:0,(anonymous_20)
FNDA:0,(anonymous_21)
FNDA:18,(anonymous_22)
FNDA:6,(anonymous_23)
FNDA:8,(anonymous_24)
FNDA:3,(anonymous_25)
FNDA:0,(anonymous_26)
FNDA:0,(anonymous_27)
FNDA:0,(anonymous_28)
FNDA:21,(anonymous_29)
FNDA:9,(anonymous_30)
FNDA:12,(anonymous_31)
FNDA:0,(anonymous_32)
FNDA:10,(anonymous_33)
FNDA:10,(anonymous_34)
FNDA:5,(anonymous_35)
FNDA:0,(anonymous_36)
FNDA:2,(anonymous_37)
FNDA:2,(anonymous_38)
FNDA:0,(anonymous_39)
FNDA:0,(anonymous_40)
FNDA:0,(anonymous_41)
FNDA:0,(anonymous_42)
FNDA:0,(anonymous_43)
FNDA:0,(anonymous_44)
FNDA:78,extractCategories
FNDA:3,(anonymous_46)
FNDA:2,(anonymous_47)
FNDA:170,getSortComparator
FNDA:0,(anonymous_49)
FNDA:0,(anonymous_50)
FNDA:9,(anonymous_51)
FNDA:170,(anonymous_52)
FNDA:9,(anonymous_53)
FNDA:3,(anonymous_54)
FNDA:3,(anonymous_55)
FNDA:0,(anonymous_56)
FNDA:0,(anonymous_57)
FNDA:0,(anonymous_58)
FNDA:0,(anonymous_59)
FNDA:0,(anonymous_60)
FNDA:0,(anonymous_61)
FNDA:0,(anonymous_62)
FNDA:0,(anonymous_63)
FNDA:0,(anonymous_64)
FNDA:0,(anonymous_65)
FNDA:0,(anonymous_66)
FNDA:0,(anonymous_67)
FNDA:80,(anonymous_68)
FNDA:80,(anonymous_69)
FNDA:78,(anonymous_70)
FNDA:2,(anonymous_71)
FNDA:80,(anonymous_72)
FNDA:1,(anonymous_73)
FNDA:1,(anonymous_74)
FNDA:81,(anonymous_75)
FNDA:79,(anonymous_76)
FNDA:2,(anonymous_77)
FNDA:81,(anonymous_78)
FNDA:1,(anonymous_79)
FNDA:1,(anonymous_80)
FNDA:0,(anonymous_81)
FNDA:5,formatInstallError
FNDA:3,(anonymous_83)
FNDA:5,hasInstallableArtifacts
FNDA:4,(anonymous_85)
FNDA:17,performInstallOperation
FNDA:6,(anonymous_87)
FNDA:6,(anonymous_88)
FNDA:5,(anonymous_89)
FNDA:11,(anonymous_90)
FNDA:4,(anonymous_91)
FNDA:4,(anonymous_92)
FNDA:3,(anonymous_93)
FNDA:3,(anonymous_94)
FNDA:10,(anonymous_95)
FNDA:8,(anonymous_96)
FNDA:3,(anonymous_97)
FNDA:3,(anonymous_98)
FNDA:1,(anonymous_99)
FNDA:1,(anonymous_100)
FNDA:3,(anonymous_101)
FNDA:3,(anonymous_102)
FNDA:0,(anonymous_103)
FNDA:1,(anonymous_104)
FNDA:1,(anonymous_105)
FNDA:1,(anonymous_106)
FNDA:1,(anonymous_107)
FNDA:2,(anonymous_108)
FNDA:2,(anonymous_109)
DA:17,1
DA:20,1
DA:22,1
DA:29,1
DA:39,82
DA:40,82
DA:44,41
DA:45,41
DA:46,41
DA:47,41
DA:48,41
DA:49,65
DA:50,65
DA:51,65
DA:52,52
DA:54,3
DA:60,15
DA:61,15
DA:62,15
DA:63,14
DA:64,9
DA:65,8
DA:72,1
DA:76,2
DA:84,6
DA:86,2
DA:88,2
DA:93,0
DA:97,2
DA:99,2
DA:104,0
DA:108,2
DA:109,2
DA:110,1
DA:112,2
DA:113,2
DA:118,0
DA:120,0
DA:125,0
DA:127,0
DA:137,1
DA:146,76
DA:147,76
DA:148,76
DA:149,76
DA:151,76
DA:152,76
DA:153,76
DA:154,76
DA:156,76
DA:157,76
DA:158,76
DA:160,76
DA:161,76
DA:162,76
DA:164,76
DA:165,76
DA:167,76
DA:168,76
DA:170,76
DA:181,76
DA:182,21
DA:185,76
DA:186,0
DA:189,76
DA:190,0
DA:197,76
DA:198,18
DA:202,76
DA:203,6
DA:204,6
DA:207,76
DA:208,8
DA:209,6
DA:210,6
DA:211,6
DA:214,76
DA:215,3
DA:216,3
DA:217,3
DA:220,76
DA:221,0
DA:222,0
DA:225,76
DA:226,0
DA:229,76
DA:230,0
DA:231,0
DA:233,0
DA:234,0
DA:236,0
DA:237,0
DA:239,0
DA:246,76
DA:247,21
DA:248,21
DA:250,13
DA:251,13
DA:252,9
DA:253,9
DA:255,9
DA:260,4
DA:261,1
DA:263,3
DA:264,3
DA:265,3
DA:266,3
DA:273,76
DA:274,12
DA:275,6
DA:276,6
DA:277,5
DA:278,6
DA:279,4
DA:282,1
DA:288,76
DA:289,0
DA:290,0
DA:291,0
DA:292,0
DA:293,0
DA:294,0
DA:295,0
DA:296,0
DA:299,0
DA:300,0
DA:301,0
DA:303,0
DA:308,76
DA:309,10
DA:310,2
DA:311,2
DA:312,1
DA:317,76
DA:318,10
DA:323,76
DA:324,5
DA:325,5
DA:326,5
DA:327,0
DA:329,5
DA:336,76
DA:337,0
DA:338,0
DA:341,76
DA:342,2
DA:343,2
DA:344,2
DA:347,76
DA:348,0
DA:349,0
DA:350,0
DA:353,76
DA:354,0
DA:355,0
DA:356,0
DA:358,0
DA:359,0
DA:360,0
DA:361,0
DA:362,0
DA:363,0
DA:364,0
DA:366,0
DA:369,0
DA:372,76
DA:373,0
DA:374,0
DA:375,0
DA:378,76
DA:379,0
DA:380,0
DA:383,76
DA:384,0
DA:385,0
DA:393,78
DA:394,78
DA:395,3
DA:397,78
DA:398,2
DA:403,170
DA:405,0
DA:407,0
DA:409,170
DA:413,76
DA:414,170
DA:415,170
DA:418,170
DA:419,170
DA:420,3
DA:421,9
DA:422,9
DA:423,9
DA:428,170
DA:429,170
DA:430,1
DA:431,3
DA:436,170
DA:437,1
DA:438,169
DA:439,0
DA:440,169
DA:441,0
DA:442,169
DA:443,1
DA:444,3
DA:448,170
DA:449,170
DA:450,170
DA:453,76
DA:454,0
DA:455,0
DA:458,76
DA:459,0
DA:460,0
DA:463,76
DA:464,0
DA:467,76
DA:468,0
DA:469,0
DA:472,76
DA:473,0
DA:480,76
DA:481,0
DA:482,0
DA:485,76
DA:486,0
DA:493,76
DA:494,0
DA:495,0
DA:496,0
DA:497,0
DA:498,0
DA:499,0
DA:500,0
DA:501,0
DA:502,0
DA:503,0
DA:512,76
DA:513,0
DA:514,0
DA:518,0
DA:519,0
DA:521,0
DA:523,0
DA:524,0
DA:525,0
DA:526,0
DA:527,0
DA:528,0
DA:529,0
DA:532,0
DA:540,76
DA:541,80
DA:542,80
DA:544,80
DA:545,80
DA:547,78
DA:548,78
DA:549,78
DA:550,78
DA:553,2
DA:554,2
DA:557,80
DA:561,80
DA:562,2
DA:564,1
DA:565,1
DA:568,1
DA:569,1
DA:572,78
DA:576,76
DA:577,81
DA:578,81
DA:580,79
DA:581,79
DA:583,79
DA:586,2
DA:589,81
DA:593,76
DA:594,1
DA:596,1
DA:599,0
DA:607,76
DA:621,5
DA:622,3
DA:623,3
DA:624,3
DA:630,3
DA:632,2
DA:638,5
DA:639,4
DA:644,17
DA:645,17
DA:646,17
DA:647,17
DA:649,17
DA:651,6
DA:652,6
DA:655,6
DA:656,6
DA:659,5
DA:662,11
DA:666,76
DA:667,4
DA:670,76
DA:671,4
DA:674,76
DA:675,3
DA:678,76
DA:679,3
DA:682,76
DA:683,10
DA:684,10
DA:685,2
DA:686,2
DA:687,2
DA:689,8
DA:690,8
DA:694,76
DA:695,3
DA:696,3
DA:700,76
DA:701,1
DA:702,1
DA:706,76
DA:707,3
DA:708,3
DA:712,76
DA:713,0
DA:714,0
DA:715,0
DA:722,76
DA:723,1
DA:724,1
DA:727,76
DA:728,1
DA:729,1
DA:732,76
DA:733,1
DA:734,1
DA:735,1
DA:738,76
DA:739,1
DA:740,1
DA:743,76
DA:744,2
DA:745,2
DA:746,2
DA:747,2
DA:748,2
DA:756,76
DA:757,76
LF:353
LH:256
BRDA:39,0,0,0
BRDA:39,0,1,82
BRDA:44,1,0,0
BRDA:44,1,1,41
BRDA:44,2,0,41
BRDA:44,2,1,41
BRDA:49,3,0,65
BRDA:49,3,1,6
BRDA:50,4,0,65
BRDA:50,4,1,15
BRDA:51,5,0,13
BRDA:51,5,1,52
BRDA:52,6,0,25
BRDA:52,6,1,27
BRDA:60,7,0,0
BRDA:60,7,1,15
BRDA:60,8,0,15
BRDA:60,8,1,15
BRDA:60,8,2,15
BRDA:62,9,0,1
BRDA:62,9,1,14
BRDA:62,10,0,15
BRDA:62,10,1,15
BRDA:63,11,0,5
BRDA:63,11,1,9
BRDA:63,12,0,14
BRDA:63,12,1,13
BRDA:64,13,0,1
BRDA:64,13,1,8
BRDA:64,14,0,9
BRDA:64,14,1,1
BRDA:77,15,0,2
BRDA:77,15,1,1
BRDA:78,16,0,2
BRDA:78,16,1,1
BRDA:79,17,0,2
BRDA:79,17,1,1
BRDA:80,18,0,2
BRDA:80,18,1,1
BRDA:88,19,0,2
BRDA:88,19,1,1
BRDA:99,20,0,2
BRDA:99,20,1,0
BRDA:109,21,0,1
BRDA:109,21,1,1
BRDA:186,22,0,0
BRDA:186,22,1,0
BRDA:198,23,0,18
BRDA:198,23,1,18
BRDA:198,23,2,18
BRDA:203,24,0,0
BRDA:203,24,1,6
BRDA:203,25,0,6
BRDA:203,25,1,6
BRDA:204,26,0,6
BRDA:204,26,1,0
BRDA:208,27,0,2
BRDA:208,27,1,6
BRDA:211,28,0,6
BRDA:211,28,1,6
BRDA:211,28,2,6
BRDA:215,29,0,0
BRDA:215,29,1,3
BRDA:215,30,0,3
BRDA:215,30,1,3
BRDA:217,31,0,3
BRDA:217,31,1,2
BRDA:221,32,0,0
BRDA:221,32,1,0
BRDA:221,33,0,0
BRDA:221,33,1,0
BRDA:222,34,0,0
BRDA:222,34,1,0
BRDA:226,35,0,0
BRDA:226,35,1,0
BRDA:230,36,0,0
BRDA:230,36,1,0
BRDA:233,37,0,0
BRDA:233,37,1,0
BRDA:236,38,0,0
BRDA:236,38,1,0
BRDA:248,39,0,8
BRDA:248,39,1,13
BRDA:250,40,0,13
BRDA:250,40,1,13
BRDA:251,41,0,9
BRDA:251,41,1,4
BRDA:251,42,0,13
BRDA:251,42,1,13
BRDA:255,43,0,4
BRDA:255,43,1,5
BRDA:260,44,0,1
BRDA:260,44,1,3
BRDA:260,45,0,4
BRDA:260,45,1,4
BRDA:260,45,2,3
BRDA:264,46,0,3
BRDA:264,46,1,3
BRDA:265,47,0,3
BRDA:265,47,1,3
BRDA:266,48,0,1
BRDA:266,48,1,2
BRDA:266,49,0,3
BRDA:266,49,1,2
BRDA:274,50,0,6
BRDA:274,50,1,6
BRDA:274,51,0,12
BRDA:274,51,1,12
BRDA:274,51,2,7
BRDA:276,52,0,1
BRDA:276,52,1,5
BRDA:278,53,0,4
BRDA:278,53,1,2
BRDA:289,54,0,0
BRDA:289,54,1,0
BRDA:291,55,0,0
BRDA:291,55,1,0
BRDA:291,56,0,0
BRDA:291,56,1,0
BRDA:292,57,0,0
BRDA:292,57,1,0
BRDA:293,58,0,0
BRDA:293,58,1,0
BRDA:294,59,0,0
BRDA:294,59,1,0
BRDA:294,60,0,0
BRDA:294,60,1,0
BRDA:295,61,0,0
BRDA:295,61,1,0
BRDA:296,62,0,0
BRDA:296,62,1,0
BRDA:299,63,0,0
BRDA:299,63,1,0
BRDA:299,64,0,0
BRDA:299,64,1,0
BRDA:299,64,2,0
BRDA:301,65,0,0
BRDA:301,65,1,0
BRDA:309,66,0,8
BRDA:309,66,1,2
BRDA:309,67,0,10
BRDA:309,67,1,9
BRDA:311,68,0,1
BRDA:311,68,1,1
BRDA:311,69,0,2
BRDA:311,69,1,2
BRDA:318,70,0,10
BRDA:318,70,1,9
BRDA:318,70,2,8
BRDA:318,70,3,1
BRDA:324,71,0,0
BRDA:324,71,1,5
BRDA:326,72,0,0
BRDA:326,72,1,5
BRDA:326,73,0,5
BRDA:326,73,1,0
BRDA:326,73,2,0
BRDA:329,74,0,5
BRDA:329,74,1,0
BRDA:337,75,0,0
BRDA:337,75,1,0
BRDA:338,76,0,0
BRDA:338,76,1,0
BRDA:342,77,0,0
BRDA:342,77,1,2
BRDA:348,78,0,0
BRDA:348,78,1,0
BRDA:350,79,0,0
BRDA:350,79,1,0
BRDA:356,80,0,0
BRDA:356,80,1,0
BRDA:356,81,0,0
BRDA:356,81,1,0
BRDA:359,82,0,0
BRDA:359,82,1,0
BRDA:360,83,0,0
BRDA:360,83,1,0
BRDA:361,84,0,0
BRDA:361,84,1,0
BRDA:361,85,0,0
BRDA:361,85,1,0
BRDA:363,86,0,0
BRDA:363,86,1,0
BRDA:363,87,0,0
BRDA:363,87,1,0
BRDA:373,88,0,0
BRDA:373,88,1,0
BRDA:373,89,0,0
BRDA:373,89,1,0
BRDA:373,89,2,0
BRDA:375,90,0,0
BRDA:375,90,1,0
BRDA:379,91,0,0
BRDA:379,91,1,0
BRDA:379,92,0,0
BRDA:379,92,1,0
BRDA:379,92,2,0
BRDA:384,93,0,0
BRDA:384,93,1,0
BRDA:384,94,0,0
BRDA:384,94,1,0
BRDA:384,94,2,0
BRDA:395,95,0,3
BRDA:395,95,1,0
BRDA:403,96,0,0
BRDA:403,96,1,0
BRDA:403,96,2,170
BRDA:405,97,0,0
BRDA:405,97,1,0
BRDA:405,98,0,0
BRDA:405,98,1,0
BRDA:407,99,0,0
BRDA:407,99,1,0
BRDA:407,100,0,0
BRDA:407,100,1,0
BRDA:409,101,0,9
BRDA:409,101,1,0
BRDA:409,102,0,9
BRDA:409,102,1,0
BRDA:418,103,0,170
BRDA:418,103,1,167
BRDA:419,104,0,3
BRDA:419,104,1,167
BRDA:421,105,0,9
BRDA:421,105,1,9
BRDA:422,106,0,9
BRDA:422,106,1,9
BRDA:423,107,0,9
BRDA:423,107,1,6
BRDA:428,108,0,170
BRDA:428,108,1,169
BRDA:429,109,0,1
BRDA:429,109,1,169
BRDA:431,110,0,3
BRDA:431,110,1,3
BRDA:436,111,0,1
BRDA:436,111,1,169
BRDA:438,112,0,0
BRDA:438,112,1,169
BRDA:440,113,0,0
BRDA:440,113,1,169
BRDA:442,114,0,1
BRDA:442,114,1,168
BRDA:495,115,0,0
BRDA:495,115,1,0
BRDA:495,116,0,0
BRDA:495,116,1,0
BRDA:498,117,0,0
BRDA:498,117,1,0
BRDA:498,118,0,0
BRDA:498,118,1,0
BRDA:500,119,0,0
BRDA:500,119,1,0
BRDA:501,120,0,0
BRDA:501,120,1,0
BRDA:501,121,0,0
BRDA:501,121,1,0
BRDA:503,122,0,0
BRDA:503,122,1,0
BRDA:513,123,0,0
BRDA:513,123,1,0
BRDA:518,124,0,0
BRDA:518,124,1,0
BRDA:561,125,0,2
BRDA:561,125,1,78
BRDA:621,126,0,3
BRDA:621,126,1,2
BRDA:621,127,0,5
BRDA:621,127,1,3
BRDA:621,127,2,3
BRDA:623,128,0,3
BRDA:623,128,1,1
BRDA:627,129,0,2
BRDA:627,129,1,1
BRDA:639,130,0,4
BRDA:639,130,1,4
BRDA:639,130,2,4
BRDA:667,131,0,4
BRDA:667,131,1,3
BRDA:667,131,2,2
BRDA:671,132,0,4
BRDA:671,132,1,2
BRDA:671,132,2,1
BRDA:675,133,0,3
BRDA:675,133,1,2
BRDA:675,133,2,1
BRDA:679,134,0,3
BRDA:679,134,1,2
BRDA:679,134,2,1
BRDA:684,135,0,2
BRDA:684,135,1,8
BRDA:684,136,0,10
BRDA:684,136,1,3
BRDA:684,136,2,3
BRF:294
BRH:164
end_of_record
